{"meta": {"format": 3, "version": "7.13.5", "timestamp": "2026-03-31T23:20:05.254834", "branch_coverage": true, "show_contexts": false}, "files": {"src/lib/ai/bias-detection/python-service/bias_detection/__init__.py": {"executed_lines": [5, 6, 7, 9], "summary": {"covered_lines": 4, "num_statements": 8, "percent_covered": 50.0, "percent_covered_display": "50", "missing_lines": 4, "excluded_lines": 0, "percent_statements_covered": 50.0, "percent_statements_covered_display": "50", "num_branches": 0, "num_partial_branches": 0, "covered_branches": 0, "missing_branches": 0, "percent_branches_covered": 100.0, "percent_branches_covered_display": "100"}, "missing_lines": [10, 11, 12, 14], "excluded_lines": [], "executed_branches": [], "missing_branches": [], "functions": {"": {"executed_lines": [5, 6, 7, 9], "summary": {"covered_lines": 4, "num_statements": 8, "percent_covered": 50.0, "percent_covered_display": "50", "missing_lines": 4, "excluded_lines": 0, "percent_statements_covered": 50.0, "percent_statements_covered_display": "50", "num_branches": 0, "num_partial_branches": 0, "covered_branches": 0, "missing_branches": 0, "percent_branches_covered": 100.0, "percent_branches_covered_display": "100"}, "missing_lines": [10, 11, 12, 14], "excluded_lines": [], "start_line": 1, "executed_branches": [], "missing_branches": []}}, "classes": {"": {"executed_lines": [5, 6, 7, 9], "summary": {"covered_lines": 4, "num_statements": 8, "percent_covered": 50.0, "percent_covered_display": "50", "missing_lines": 4, "excluded_lines": 0, "percent_statements_covered": 50.0, "percent_statements_covered_display": "50", "num_branches": 0, "num_partial_branches": 0, "covered_branches": 0, "missing_branches": 0, "percent_branches_covered": 100.0, "percent_branches_covered_display": "100"}, "missing_lines": [10, 11, 12, 14], "excluded_lines": [], "start_line": 1, "executed_branches": [], "missing_branches": []}}}, "src/lib/ai/bias-detection/python-service/bias_detection/app.py": {"executed_lines": [6, 8, 9, 10, 11, 13], "summary": {"covered_lines": 6, "num_statements": 37, "percent_covered": 15.384615384615385, "percent_covered_display": "15", "missing_lines": 31, "excluded_lines": 3, "percent_statements_covered": 16.216216216216218, "percent_statements_covered_display": "16", "num_branches": 2, "num_partial_branches": 0, "covered_branches": 0, "missing_branches": 2, "percent_branches_covered": 0.0, "percent_branches_covered_display": "0"}, "missing_lines": [14, 15, 16, 24, 25, 28, 29, 31, 32, 33, 34, 35, 36, 37, 38, 40, 41, 42, 45, 47, 59, 66, 67, 69, 72, 73, 74, 75, 76, 78, 81], "excluded_lines": [84, 85, 87], "executed_branches": [], "missing_branches": [[33, 34], [33, 36]], "functions": {"lifespan": {"executed_lines": [], "summary": {"covered_lines": 0, "num_statements": 11, "percent_covered": 0.0, "percent_covered_display": "0", "missing_lines": 11, "excluded_lines": 0, "percent_statements_covered": 0.0, "percent_statements_covered_display": "0", "num_branches": 2, "num_partial_branches": 0, "covered_branches": 0, "missing_branches": 2, "percent_branches_covered": 0.0, "percent_branches_covered_display": "0"}, "missing_lines": [31, 32, 33, 34, 35, 36, 37, 38, 40, 41, 42], "excluded_lines": [], "start_line": 29, "executed_branches": [], "missing_branches": [[33, 34], [33, 36]]}, "create_app": {"executed_lines": [], "summary": {"covered_lines": 0, "num_statements": 11, "percent_covered": 0.0, "percent_covered_display": "0", "missing_lines": 11, "excluded_lines": 0, "percent_statements_covered": 0.0, "percent_statements_covered_display": "0", "num_branches": 0, "num_partial_branches": 0, "covered_branches": 0, "missing_branches": 0, "percent_branches_covered": 100.0, "percent_branches_covered_display": "100"}, "missing_lines": [47, 59, 66, 67, 69, 72, 73, 74, 75, 76, 78], "excluded_lines": [], "start_line": 45, "executed_branches": [], "missing_branches": []}, "": {"executed_lines": [6, 8, 9, 10, 11, 13], "summary": {"covered_lines": 6, "num_statements": 15, "percent_covered": 40.0, "percent_covered_display": "40", "missing_lines": 9, "excluded_lines": 3, "percent_statements_covered": 40.0, "percent_statements_covered_display": "40", "num_branches": 0, "num_partial_branches": 0, "covered_branches": 0, "missing_branches": 0, "percent_branches_covered": 100.0, "percent_branches_covered_display": "100"}, "missing_lines": [14, 15, 16, 24, 25, 28, 29, 45, 81], "excluded_lines": [84, 85, 87], "start_line": 1, "executed_branches": [], "missing_branches": []}}, "classes": {"": {"executed_lines": [6, 8, 9, 10, 11, 13], "summary": {"covered_lines": 6, "num_statements": 37, "percent_covered": 15.384615384615385, "percent_covered_display": "15", "missing_lines": 31, "excluded_lines": 3, "percent_statements_covered": 16.216216216216218, "percent_statements_covered_display": "16", "num_branches": 2, "num_partial_branches": 0, "covered_branches": 0, "missing_branches": 2, "percent_branches_covered": 0.0, "percent_branches_covered_display": "0"}, "missing_lines": [14, 15, 16, 24, 25, 28, 29, 31, 32, 33, 34, 35, 36, 37, 38, 40, 41, 42, 45, 47, 59, 66, 67, 69, 72, 73, 74, 75, 76, 78, 81], "excluded_lines": [84, 85, 87], "start_line": 1, "executed_branches": [], "missing_branches": [[33, 34], [33, 36]]}}}, "src/lib/ai/bias-detection/python-service/bias_detection/app_exceptions.py": {"executed_lines": [5, 6, 7, 8, 9, 11, 14, 21, 36, 50], "summary": {"covered_lines": 10, "num_statements": 18, "percent_covered": 55.55555555555556, "percent_covered_display": "56", "missing_lines": 8, "excluded_lines": 0, "percent_statements_covered": 55.55555555555556, "percent_statements_covered_display": "56", "num_branches": 0, "num_partial_branches": 0, "covered_branches": 0, "missing_branches": 0, "percent_branches_covered": 100.0, "percent_branches_covered_display": "100"}, "missing_lines": [16, 17, 18, 25, 40, 52, 59, 60], "excluded_lines": [], "executed_branches": [], "missing_branches": [], "functions": {"register_exception_handlers": {"executed_lines": [], "summary": {"covered_lines": 0, "num_statements": 3, "percent_covered": 0.0, "percent_covered_display": "0", "missing_lines": 3, "excluded_lines": 0, "percent_statements_covered": 0.0, "percent_statements_covered_display": "0", "num_branches": 0, "num_partial_branches": 0, "covered_branches": 0, "missing_branches": 0, "percent_branches_covered": 100.0, "percent_branches_covered_display": "100"}, "missing_lines": [16, 17, 18], "excluded_lines": [], "start_line": 14, "executed_branches": [], "missing_branches": []}, "validation_exception_handler": {"executed_lines": [], "summary": {"covered_lines": 0, "num_statements": 1, "percent_covered": 0.0, "percent_covered_display": "0", "missing_lines": 1, "excluded_lines": 0, "percent_statements_covered": 0.0, "percent_statements_covered_display": "0", "num_branches": 0, "num_partial_branches": 0, "covered_branches": 0, "missing_branches": 0, "percent_branches_covered": 100.0, "percent_branches_covered_display": "100"}, "missing_lines": [25], "excluded_lines": [], "start_line": 21, "executed_branches": [], "missing_branches": []}, "http_exception_handler": {"executed_lines": [], "summary": {"covered_lines": 0, "num_statements": 1, "percent_covered": 0.0, "percent_covered_display": "0", "missing_lines": 1, "excluded_lines": 0, "percent_statements_covered": 0.0, "percent_statements_covered_display": "0", "num_branches": 0, "num_partial_branches": 0, "covered_branches": 0, "missing_branches": 0, "percent_branches_covered": 100.0, "percent_branches_covered_display": "100"}, "missing_lines": [40], "excluded_lines": [], "start_line": 36, "executed_branches": [], "missing_branches": []}, "general_exception_handler": {"executed_lines": [], "summary": {"covered_lines": 0, "num_statements": 3, "percent_covered": 0.0, "percent_covered_display": "0", "missing_lines": 3, "excluded_lines": 0, "percent_statements_covered": 0.0, "percent_statements_covered_display": "0", "num_branches": 0, "num_partial_branches": 0, "covered_branches": 0, "missing_branches": 0, "percent_branches_covered": 100.0, "percent_branches_covered_display": "100"}, "missing_lines": [52, 59, 60], "excluded_lines": [], "start_line": 50, "executed_branches": [], "missing_branches": []}, "": {"executed_lines": [5, 6, 7, 8, 9, 11, 14, 21, 36, 50], "summary": {"covered_lines": 10, "num_statements": 10, "percent_covered": 100.0, "percent_covered_display": "100", "missing_lines": 0, "excluded_lines": 0, "percent_statements_covered": 100.0, "percent_statements_covered_display": "100", "num_branches": 0, "num_partial_branches": 0, "covered_branches": 0, "missing_branches": 0, "percent_branches_covered": 100.0, "percent_branches_covered_display": "100"}, "missing_lines": [], "excluded_lines": [], "start_line": 1, "executed_branches": [], "missing_branches": []}}, "classes": {"": {"executed_lines": [5, 6, 7, 8, 9, 11, 14, 21, 36, 50], "summary": {"covered_lines": 10, "num_statements": 18, "percent_covered": 55.55555555555556, "percent_covered_display": "56", "missing_lines": 8, "excluded_lines": 0, "percent_statements_covered": 55.55555555555556, "percent_statements_covered_display": "56", "num_branches": 0, "num_partial_branches": 0, "covered_branches": 0, "missing_branches": 0, "percent_branches_covered": 100.0, "percent_branches_covered_display": "100"}, "missing_lines": [16, 17, 18, 25, 40, 52, 59, 60], "excluded_lines": [], "start_line": 1, "executed_branches": [], "missing_branches": []}}}, "src/lib/ai/bias-detection/python-service/bias_detection/config.py": {"executed_lines": [5, 7, 8, 9, 12, 15, 23, 24, 25, 26, 29, 30, 31, 34, 40, 46, 47, 50, 55, 58, 59, 62, 63, 75, 80, 81, 88, 89, 92, 96, 97, 98, 100, 108, 110, 111, 116, 117, 118, 120, 121, 123, 125, 126, 127, 129, 130, 132, 134, 135, 136, 138, 139, 141, 144, 145, 147, 151], "summary": {"covered_lines": 58, "num_statements": 65, "percent_covered": 81.81818181818181, "percent_covered_display": "82", "missing_lines": 7, "excluded_lines": 0, "percent_statements_covered": 89.23076923076923, "percent_statements_covered_display": "89", "num_branches": 12, "num_partial_branches": 5, "covered_branches": 5, "missing_branches": 7, "percent_branches_covered": 41.666666666666664, "percent_branches_covered_display": "42"}, "missing_lines": [109, 112, 113, 114, 122, 131, 140], "excluded_lines": [], "executed_branches": [[108, 110], [110, 111], [121, 123], [130, 132], [139, 141]], "missing_branches": [[108, 109], [110, 112], [112, 113], [112, 114], [121, 122], [130, 131], [139, 140]], "functions": {"Settings.parse_cors_origins": {"executed_lines": [100, 108, 110, 111], "summary": {"covered_lines": 4, "num_statements": 8, "percent_covered": 42.857142857142854, "percent_covered_display": "43", "missing_lines": 4, "excluded_lines": 0, "percent_statements_covered": 50.0, "percent_statements_covered_display": "50", "num_branches": 6, "num_partial_branches": 2, "covered_branches": 2, "missing_branches": 4, "percent_branches_covered": 33.333333333333336, "percent_branches_covered_display": "33"}, "missing_lines": [109, 112, 113, 114], "excluded_lines": [], "start_line": 98, "executed_branches": [[108, 110], [110, 111]], "missing_branches": [[108, 109], [110, 112], [112, 113], [112, 114]]}, "Settings.validate_environment": {"executed_lines": [120, 121, 123], "summary": {"covered_lines": 3, "num_statements": 4, "percent_covered": 66.66666666666667, "percent_covered_display": "67", "missing_lines": 1, "excluded_lines": 0, "percent_statements_covered": 75.0, "percent_statements_covered_display": "75", "num_branches": 2, "num_partial_branches": 1, "covered_branches": 1, "missing_branches": 1, "percent_branches_covered": 50.0, "percent_branches_covered_display": "50"}, "missing_lines": [122], "excluded_lines": [], "start_line": 118, "executed_branches": [[121, 123]], "missing_branches": [[121, 122]]}, "Settings.validate_log_level": {"executed_lines": [129, 130, 132], "summary": {"covered_lines": 3, "num_statements": 4, "percent_covered": 66.66666666666667, "percent_covered_display": "67", "missing_lines": 1, "excluded_lines": 0, "percent_statements_covered": 75.0, "percent_statements_covered_display": "75", "num_branches": 2, "num_partial_branches": 1, "covered_branches": 1, "missing_branches": 1, "percent_branches_covered": 50.0, "percent_branches_covered_display": "50"}, "missing_lines": [131], "excluded_lines": [], "start_line": 127, "executed_branches": [[130, 132]], "missing_branches": [[130, 131]]}, "Settings.validate_log_format": {"executed_lines": [138, 139, 141], "summary": {"covered_lines": 3, "num_statements": 4, "percent_covered": 66.66666666666667, "percent_covered_display": "67", "missing_lines": 1, "excluded_lines": 0, "percent_statements_covered": 75.0, "percent_statements_covered_display": "75", "num_branches": 2, "num_partial_branches": 1, "covered_branches": 1, "missing_branches": 1, "percent_branches_covered": 50.0, "percent_branches_covered_display": "50"}, "missing_lines": [140], "excluded_lines": [], "start_line": 136, "executed_branches": [[139, 141]], "missing_branches": [[139, 140]]}, "get_settings": {"executed_lines": [147], "summary": {"covered_lines": 1, "num_statements": 1, "percent_covered": 100.0, "percent_covered_display": "100", "missing_lines": 0, "excluded_lines": 0, "percent_statements_covered": 100.0, "percent_statements_covered_display": "100", "num_branches": 0, "num_partial_branches": 0, "covered_branches": 0, "missing_branches": 0, "percent_branches_covered": 100.0, "percent_branches_covered_display": "100"}, "missing_lines": [], "excluded_lines": [], "start_line": 145, "executed_branches": [], "missing_branches": []}, "": {"executed_lines": [5, 7, 8, 9, 12, 15, 23, 24, 25, 26, 29, 30, 31, 34, 40, 46, 47, 50, 55, 58, 59, 62, 63, 75, 80, 81, 88, 89, 92, 96, 97, 98, 116, 117, 118, 125, 126, 127, 134, 135, 136, 144, 145, 151], "summary": {"covered_lines": 44, "num_statements": 44, "percent_covered": 100.0, "percent_covered_display": "100", "missing_lines": 0, "excluded_lines": 0, "percent_statements_covered": 100.0, "percent_statements_covered_display": "100", "num_branches": 0, "num_partial_branches": 0, "covered_branches": 0, "missing_branches": 0, "percent_branches_covered": 100.0, "percent_branches_covered_display": "100"}, "missing_lines": [], "excluded_lines": [], "start_line": 1, "executed_branches": [], "missing_branches": []}}, "classes": {"Settings": {"executed_lines": [100, 108, 110, 111, 120, 121, 123, 129, 130, 132, 138, 139, 141], "summary": {"covered_lines": 13, "num_statements": 20, "percent_covered": 56.25, "percent_covered_display": "56", "missing_lines": 7, "excluded_lines": 0, "percent_statements_covered": 65.0, "percent_statements_covered_display": "65", "num_branches": 12, "num_partial_branches": 5, "covered_branches": 5, "missing_branches": 7, "percent_branches_covered": 41.666666666666664, "percent_branches_covered_display": "42"}, "missing_lines": [109, 112, 113, 114, 122, 131, 140], "excluded_lines": [], "start_line": 12, "executed_branches": [[108, 110], [110, 111], [121, 123], [130, 132], [139, 141]], "missing_branches": [[108, 109], [110, 112], [112, 113], [112, 114], [121, 122], [130, 131], [139, 140]]}, "": {"executed_lines": [5, 7, 8, 9, 12, 15, 23, 24, 25, 26, 29, 30, 31, 34, 40, 46, 47, 50, 55, 58, 59, 62, 63, 75, 80, 81, 88, 89, 92, 96, 97, 98, 116, 117, 118, 125, 126, 127, 134, 135, 136, 144, 145, 147, 151], "summary": {"covered_lines": 45, "num_statements": 45, "percent_covered": 100.0, "percent_covered_display": "100", "missing_lines": 0, "excluded_lines": 0, "percent_statements_covered": 100.0, "percent_statements_covered_display": "100", "num_branches": 0, "num_partial_branches": 0, "covered_branches": 0, "missing_branches": 0, "percent_branches_covered": 100.0, "percent_branches_covered_display": "100"}, "missing_lines": [], "excluded_lines": [], "start_line": 1, "executed_branches": [], "missing_branches": []}}}, "src/lib/ai/bias-detection/python-service/bias_detection/deps.py": {"executed_lines": [6, 8, 10, 11, 12], "summary": {"covered_lines": 5, "num_statements": 23, "percent_covered": 18.51851851851852, "percent_covered_display": "19", "missing_lines": 18, "excluded_lines": 0, "percent_statements_covered": 21.73913043478261, "percent_statements_covered_display": "22", "num_branches": 4, "num_partial_branches": 0, "covered_branches": 0, "missing_branches": 4, "percent_branches_covered": 0.0, "percent_branches_covered_display": "0"}, "missing_lines": [13, 14, 17, 18, 19, 24, 25, 28, 29, 32, 33, 36, 43, 44, 45, 46, 47, 48], "excluded_lines": [], "executed_branches": [], "missing_branches": [[43, 44], [43, 45], [47, -36], [47, 48]], "functions": {"get_bias_service": {"executed_lines": [], "summary": {"covered_lines": 0, "num_statements": 1, "percent_covered": 0.0, "percent_covered_display": "0", "missing_lines": 1, "excluded_lines": 0, "percent_statements_covered": 0.0, "percent_statements_covered_display": "0", "num_branches": 0, "num_partial_branches": 0, "covered_branches": 0, "missing_branches": 0, "percent_branches_covered": 100.0, "percent_branches_covered_display": "100"}, "missing_lines": [25], "excluded_lines": [], "start_line": 24, "executed_branches": [], "missing_branches": []}, "get_database_service": {"executed_lines": [], "summary": {"covered_lines": 0, "num_statements": 1, "percent_covered": 0.0, "percent_covered_display": "0", "missing_lines": 1, "excluded_lines": 0, "percent_statements_covered": 0.0, "percent_statements_covered_display": "0", "num_branches": 0, "num_partial_branches": 0, "covered_branches": 0, "missing_branches": 0, "percent_branches_covered": 100.0, "percent_branches_covered_display": "100"}, "missing_lines": [29], "excluded_lines": [], "start_line": 28, "executed_branches": [], "missing_branches": []}, "get_analysis_orchestrator": {"executed_lines": [], "summary": {"covered_lines": 0, "num_statements": 1, "percent_covered": 0.0, "percent_covered_display": "0", "missing_lines": 1, "excluded_lines": 0, "percent_statements_covered": 0.0, "percent_statements_covered_display": "0", "num_branches": 0, "num_partial_branches": 0, "covered_branches": 0, "missing_branches": 0, "percent_branches_covered": 100.0, "percent_branches_covered_display": "100"}, "missing_lines": [33], "excluded_lines": [], "start_line": 32, "executed_branches": [], "missing_branches": []}, "require_rate_limit": {"executed_lines": [], "summary": {"covered_lines": 0, "num_statements": 6, "percent_covered": 0.0, "percent_covered_display": "0", "missing_lines": 6, "excluded_lines": 0, "percent_statements_covered": 0.0, "percent_statements_covered_display": "0", "num_branches": 4, "num_partial_branches": 0, "covered_branches": 0, "missing_branches": 4, "percent_branches_covered": 0.0, "percent_branches_covered_display": "0"}, "missing_lines": [43, 44, 45, 46, 47, 48], "excluded_lines": [], "start_line": 36, "executed_branches": [], "missing_branches": [[43, 44], [43, 45], [47, -36], [47, 48]]}, "": {"executed_lines": [6, 8, 10, 11, 12], "summary": {"covered_lines": 5, "num_statements": 14, "percent_covered": 35.714285714285715, "percent_covered_display": "36", "missing_lines": 9, "excluded_lines": 0, "percent_statements_covered": 35.714285714285715, "percent_statements_covered_display": "36", "num_branches": 0, "num_partial_branches": 0, "covered_branches": 0, "missing_branches": 0, "percent_branches_covered": 100.0, "percent_branches_covered_display": "100"}, "missing_lines": [13, 14, 17, 18, 19, 24, 28, 32, 36], "excluded_lines": [], "start_line": 1, "executed_branches": [], "missing_branches": []}}, "classes": {"": {"executed_lines": [6, 8, 10, 11, 12], "summary": {"covered_lines": 5, "num_statements": 23, "percent_covered": 18.51851851851852, "percent_covered_display": "19", "missing_lines": 18, "excluded_lines": 0, "percent_statements_covered": 21.73913043478261, "percent_statements_covered_display": "22", "num_branches": 4, "num_partial_branches": 0, "covered_branches": 0, "missing_branches": 4, "percent_branches_covered": 0.0, "percent_branches_covered_display": "0"}, "missing_lines": [13, 14, 17, 18, 19, 24, 25, 28, 29, 32, 33, 36, 43, 44, 45, 46, 47, 48], "excluded_lines": [], "start_line": 1, "executed_branches": [], "missing_branches": [[43, 44], [43, 45], [47, -36], [47, 48]]}}}, "src/lib/ai/bias-detection/python-service/bias_detection/models.py": {"executed_lines": [5, 6, 7, 8, 10, 13, 16, 17, 18, 19, 20, 21, 22, 23, 24, 25, 26, 27, 28, 29, 30, 31, 32, 35, 38, 39, 40, 41, 42, 45, 48, 49, 50, 51, 54, 57, 60, 63, 66, 69, 72, 75, 78, 81, 84, 88, 89, 95, 96, 102, 103, 110, 113, 114, 117, 120, 121, 126, 129, 130, 133, 135, 138, 141, 144, 145, 146, 147, 148, 149, 153, 154, 162, 165, 166, 167, 168, 171, 174, 177, 178, 179, 180, 183, 186, 187, 192, 195, 198, 203, 206, 211, 212, 213, 214, 217, 218, 220, 223, 224, 230, 233, 234, 235, 236, 239, 242, 245, 246, 247, 248, 249], "summary": {"covered_lines": 112, "num_statements": 126, "percent_covered": 83.58208955223881, "percent_covered_display": "84", "missing_lines": 14, "excluded_lines": 0, "percent_statements_covered": 88.88888888888889, "percent_statements_covered_display": "89", "num_branches": 8, "num_partial_branches": 0, "covered_branches": 0, "missing_branches": 8, "percent_branches_covered": 0.0, "percent_branches_covered_display": "0"}, "missing_lines": [91, 92, 93, 98, 99, 100, 105, 106, 107, 108, 156, 157, 158, 159], "excluded_lines": [], "executed_branches": [], "missing_branches": [[91, 92], [91, 93], [98, 99], [98, 100], [106, 107], [106, 108], [157, 158], [157, 159]], "functions": {"BiasAnalysisRequest.validate_content": {"executed_lines": [], "summary": {"covered_lines": 0, "num_statements": 3, "percent_covered": 0.0, "percent_covered_display": "0", "missing_lines": 3, "excluded_lines": 0, "percent_statements_covered": 0.0, "percent_statements_covered_display": "0", "num_branches": 2, "num_partial_branches": 0, "covered_branches": 0, "missing_branches": 2, "percent_branches_covered": 0.0, "percent_branches_covered_display": "0"}, "missing_lines": [91, 92, 93], "excluded_lines": [], "start_line": 89, "executed_branches": [], "missing_branches": [[91, 92], [91, 93]]}, "BiasAnalysisRequest.validate_language": {"executed_lines": [], "summary": {"covered_lines": 0, "num_statements": 3, "percent_covered": 0.0, "percent_covered_display": "0", "missing_lines": 3, "excluded_lines": 0, "percent_statements_covered": 0.0, "percent_statements_covered_display": "0", "num_branches": 2, "num_partial_branches": 0, "covered_branches": 0, "missing_branches": 2, "percent_branches_covered": 0.0, "percent_branches_covered_display": "0"}, "missing_lines": [98, 99, 100], "excluded_lines": [], "start_line": 96, "executed_branches": [], "missing_branches": [[98, 99], [98, 100]]}, "BiasAnalysisRequest.validate_sensitivity": {"executed_lines": [], "summary": {"covered_lines": 0, "num_statements": 4, "percent_covered": 0.0, "percent_covered_display": "0", "missing_lines": 4, "excluded_lines": 0, "percent_statements_covered": 0.0, "percent_statements_covered_display": "0", "num_branches": 2, "num_partial_branches": 0, "covered_branches": 0, "missing_branches": 2, "percent_branches_covered": 0.0, "percent_branches_covered_display": "0"}, "missing_lines": [105, 106, 107, 108], "excluded_lines": [], "start_line": 103, "executed_branches": [], "missing_branches": [[106, 107], [106, 108]]}, "Recommendation.validate_priority_fields": {"executed_lines": [], "summary": {"covered_lines": 0, "num_statements": 4, "percent_covered": 0.0, "percent_covered_display": "0", "missing_lines": 4, "excluded_lines": 0, "percent_statements_covered": 0.0, "percent_statements_covered_display": "0", "num_branches": 2, "num_partial_branches": 0, "covered_branches": 0, "missing_branches": 2, "percent_branches_covered": 0.0, "percent_branches_covered_display": "0"}, "missing_lines": [156, 157, 158, 159], "excluded_lines": [], "start_line": 154, "executed_branches": [], "missing_branches": [[157, 158], [157, 159]]}, "": {"executed_lines": [5, 6, 7, 8, 10, 13, 16, 17, 18, 19, 20, 21, 22, 23, 24, 25, 26, 27, 28, 29, 30, 31, 32, 35, 38, 39, 40, 41, 42, 45, 48, 49, 50, 51, 54, 57, 60, 63, 66, 69, 72, 75, 78, 81, 84, 88, 89, 95, 96, 102, 103, 110, 113, 114, 117, 120, 121, 126, 129, 130, 133, 135, 138, 141, 144, 145, 146, 147, 148, 149, 153, 154, 162, 165, 166, 167, 168, 171, 174, 177, 178, 179, 180, 183, 186, 187, 192, 195, 198, 203, 206, 211, 212, 213, 214, 217, 218, 220, 223, 224, 230, 233, 234, 235, 236, 239, 242, 245, 246, 247, 248, 249], "summary": {"covered_lines": 112, "num_statements": 112, "percent_covered": 100.0, "percent_covered_display": "100", "missing_lines": 0, "excluded_lines": 0, "percent_statements_covered": 100.0, "percent_statements_covered_display": "100", "num_branches": 0, "num_partial_branches": 0, "covered_branches": 0, "missing_branches": 0, "percent_branches_covered": 100.0, "percent_branches_covered_display": "100"}, "missing_lines": [], "excluded_lines": [], "start_line": 1, "executed_branches": [], "missing_branches": []}}, "classes": {"BiasType": {"executed_lines": [], "summary": {"covered_lines": 0, "num_statements": 0, "percent_covered": 100.0, "percent_covered_display": "100", "missing_lines": 0, "excluded_lines": 0, "percent_statements_covered": 100.0, "percent_statements_covered_display": "100", "num_branches": 0, "num_partial_branches": 0, "covered_branches": 0, "missing_branches": 0, "percent_branches_covered": 100.0, "percent_branches_covered_display": "100"}, "missing_lines": [], "excluded_lines": [], "start_line": 13, "executed_branches": [], "missing_branches": []}, "AnalysisStatus": {"executed_lines": [], "summary": {"covered_lines": 0, "num_statements": 0, "percent_covered": 100.0, "percent_covered_display": "100", "missing_lines": 0, "excluded_lines": 0, "percent_statements_covered": 100.0, "percent_statements_covered_display": "100", "num_branches": 0, "num_partial_branches": 0, "covered_branches": 0, "missing_branches": 0, "percent_branches_covered": 100.0, "percent_branches_covered_display": "100"}, "missing_lines": [], "excluded_lines": [], "start_line": 35, "executed_branches": [], "missing_branches": []}, "ConfidenceLevel": {"executed_lines": [], "summary": {"covered_lines": 0, "num_statements": 0, "percent_covered": 100.0, "percent_covered_display": "100", "missing_lines": 0, "excluded_lines": 0, "percent_statements_covered": 100.0, "percent_statements_covered_display": "100", "num_branches": 0, "num_partial_branches": 0, "covered_branches": 0, "missing_branches": 0, "percent_branches_covered": 100.0, "percent_branches_covered_display": "100"}, "missing_lines": [], "excluded_lines": [], "start_line": 45, "executed_branches": [], "missing_branches": []}, "BiasAnalysisRequest": {"executed_lines": [], "summary": {"covered_lines": 0, "num_statements": 10, "percent_covered": 0.0, "percent_covered_display": "0", "missing_lines": 10, "excluded_lines": 0, "percent_statements_covered": 0.0, "percent_statements_covered_display": "0", "num_branches": 6, "num_partial_branches": 0, "covered_branches": 0, "missing_branches": 6, "percent_branches_covered": 0.0, "percent_branches_covered_display": "0"}, "missing_lines": [91, 92, 93, 98, 99, 100, 105, 106, 107, 108], "excluded_lines": [], "start_line": 54, "executed_branches": [], "missing_branches": [[91, 92], [91, 93], [98, 99], [98, 100], [106, 107], [106, 108]]}, "BiasAnalysisRequest.Config": {"executed_lines": [], "summary": {"covered_lines": 0, "num_statements": 0, "percent_covered": 100.0, "percent_covered_display": "100", "missing_lines": 0, "excluded_lines": 0, "percent_statements_covered": 100.0, "percent_statements_covered_display": "100", "num_branches": 0, "num_partial_branches": 0, "covered_branches": 0, "missing_branches": 0, "percent_branches_covered": 100.0, "percent_branches_covered_display": "100"}, "missing_lines": [], "excluded_lines": [], "start_line": 110, "executed_branches": [], "missing_branches": []}, "BiasScore": {"executed_lines": [], "summary": {"covered_lines": 0, "num_statements": 0, "percent_covered": 100.0, "percent_covered_display": "100", "missing_lines": 0, "excluded_lines": 0, "percent_statements_covered": 100.0, "percent_statements_covered_display": "100", "num_branches": 0, "num_partial_branches": 0, "covered_branches": 0, "missing_branches": 0, "percent_branches_covered": 100.0, "percent_branches_covered_display": "100"}, "missing_lines": [], "excluded_lines": [], "start_line": 117, "executed_branches": [], "missing_branches": []}, "BiasScore.Config": {"executed_lines": [], "summary": {"covered_lines": 0, "num_statements": 0, "percent_covered": 100.0, "percent_covered_display": "100", "missing_lines": 0, "excluded_lines": 0, "percent_statements_covered": 100.0, "percent_statements_covered_display": "100", "num_branches": 0, "num_partial_branches": 0, "covered_branches": 0, "missing_branches": 0, "percent_branches_covered": 100.0, "percent_branches_covered_display": "100"}, "missing_lines": [], "excluded_lines": [], "start_line": 135, "executed_branches": [], "missing_branches": []}, "Recommendation": {"executed_lines": [], "summary": {"covered_lines": 0, "num_statements": 4, "percent_covered": 0.0, "percent_covered_display": "0", "missing_lines": 4, "excluded_lines": 0, "percent_statements_covered": 0.0, "percent_statements_covered_display": "0", "num_branches": 2, "num_partial_branches": 0, "covered_branches": 0, "missing_branches": 2, "percent_branches_covered": 0.0, "percent_branches_covered_display": "0"}, "missing_lines": [156, 157, 158, 159], "excluded_lines": [], "start_line": 141, "executed_branches": [], "missing_branches": [[157, 158], [157, 159]]}, "CounterfactualScenario": {"executed_lines": [], "summary": {"covered_lines": 0, "num_statements": 0, "percent_covered": 100.0, "percent_covered_display": "100", "missing_lines": 0, "excluded_lines": 0, "percent_statements_covered": 100.0, "percent_statements_covered_display": "100", "num_branches": 0, "num_partial_branches": 0, "covered_branches": 0, "missing_branches": 0, "percent_branches_covered": 100.0, "percent_branches_covered_display": "100"}, "missing_lines": [], "excluded_lines": [], "start_line": 162, "executed_branches": [], "missing_branches": []}, "BiasAnalysisResponse": {"executed_lines": [], "summary": {"covered_lines": 0, "num_statements": 0, "percent_covered": 100.0, "percent_covered_display": "100", "missing_lines": 0, "excluded_lines": 0, "percent_statements_covered": 100.0, "percent_statements_covered_display": "100", "num_branches": 0, "num_partial_branches": 0, "covered_branches": 0, "missing_branches": 0, "percent_branches_covered": 100.0, "percent_branches_covered_display": "100"}, "missing_lines": [], "excluded_lines": [], "start_line": 174, "executed_branches": [], "missing_branches": []}, "BiasAnalysisResponse.Config": {"executed_lines": [], "summary": {"covered_lines": 0, "num_statements": 0, "percent_covered": 100.0, "percent_covered_display": "100", "missing_lines": 0, "excluded_lines": 0, "percent_statements_covered": 100.0, "percent_statements_covered_display": "100", "num_branches": 0, "num_partial_branches": 0, "covered_branches": 0, "missing_branches": 0, "percent_branches_covered": 100.0, "percent_branches_covered_display": "100"}, "missing_lines": [], "excluded_lines": [], "start_line": 220, "executed_branches": [], "missing_branches": []}, "HealthResponse": {"executed_lines": [], "summary": {"covered_lines": 0, "num_statements": 0, "percent_covered": 100.0, "percent_covered_display": "100", "missing_lines": 0, "excluded_lines": 0, "percent_statements_covered": 100.0, "percent_statements_covered_display": "100", "num_branches": 0, "num_partial_branches": 0, "covered_branches": 0, "missing_branches": 0, "percent_branches_covered": 100.0, "percent_branches_covered_display": "100"}, "missing_lines": [], "excluded_lines": [], "start_line": 230, "executed_branches": [], "missing_branches": []}, "ErrorResponse": {"executed_lines": [], "summary": {"covered_lines": 0, "num_statements": 0, "percent_covered": 100.0, "percent_covered_display": "100", "missing_lines": 0, "excluded_lines": 0, "percent_statements_covered": 100.0, "percent_statements_covered_display": "100", "num_branches": 0, "num_partial_branches": 0, "covered_branches": 0, "missing_branches": 0, "percent_branches_covered": 100.0, "percent_branches_covered_display": "100"}, "missing_lines": [], "excluded_lines": [], "start_line": 242, "executed_branches": [], "missing_branches": []}, "": {"executed_lines": [5, 6, 7, 8, 10, 13, 16, 17, 18, 19, 20, 21, 22, 23, 24, 25, 26, 27, 28, 29, 30, 31, 32, 35, 38, 39, 40, 41, 42, 45, 48, 49, 50, 51, 54, 57, 60, 63, 66, 69, 72, 75, 78, 81, 84, 88, 89, 95, 96, 102, 103, 110, 113, 114, 117, 120, 121, 126, 129, 130, 133, 135, 138, 141, 144, 145, 146, 147, 148, 149, 153, 154, 162, 165, 166, 167, 168, 171, 174, 177, 178, 179, 180, 183, 186, 187, 192, 195, 198, 203, 206, 211, 212, 213, 214, 217, 218, 220, 223, 224, 230, 233, 234, 235, 236, 239, 242, 245, 246, 247, 248, 249], "summary": {"covered_lines": 112, "num_statements": 112, "percent_covered": 100.0, "percent_covered_display": "100", "missing_lines": 0, "excluded_lines": 0, "percent_statements_covered": 100.0, "percent_statements_covered_display": "100", "num_branches": 0, "num_partial_branches": 0, "covered_branches": 0, "missing_branches": 0, "percent_branches_covered": 100.0, "percent_branches_covered_display": "100"}, "missing_lines": [], "excluded_lines": [], "start_line": 1, "executed_branches": [], "missing_branches": []}}}, "src/lib/ai/bias-detection/python-service/bias_detection/services/__init__.py": {"executed_lines": [5], "summary": {"covered_lines": 1, "num_statements": 6, "percent_covered": 16.666666666666668, "percent_covered_display": "17", "missing_lines": 5, "excluded_lines": 0, "percent_statements_covered": 16.666666666666668, "percent_statements_covered_display": "17", "num_branches": 0, "num_partial_branches": 0, "covered_branches": 0, "missing_branches": 0, "percent_branches_covered": 100.0, "percent_branches_covered_display": "100"}, "missing_lines": [6, 7, 8, 9, 11], "excluded_lines": [], "executed_branches": [], "missing_branches": [], "functions": {"": {"executed_lines": [5], "summary": {"covered_lines": 1, "num_statements": 6, "percent_covered": 16.666666666666668, "percent_covered_display": "17", "missing_lines": 5, "excluded_lines": 0, "percent_statements_covered": 16.666666666666668, "percent_statements_covered_display": "17", "num_branches": 0, "num_partial_branches": 0, "covered_branches": 0, "missing_branches": 0, "percent_branches_covered": 100.0, "percent_branches_covered_display": "100"}, "missing_lines": [6, 7, 8, 9, 11], "excluded_lines": [], "start_line": 1, "executed_branches": [], "missing_branches": []}}, "classes": {"": {"executed_lines": [5], "summary": {"covered_lines": 1, "num_statements": 6, "percent_covered": 16.666666666666668, "percent_covered_display": "17", "missing_lines": 5, "excluded_lines": 0, "percent_statements_covered": 16.666666666666668, "percent_statements_covered_display": "17", "num_branches": 0, "num_partial_branches": 0, "covered_branches": 0, "missing_branches": 0, "percent_branches_covered": 100.0, "percent_branches_covered_display": "100"}, "missing_lines": [6, 7, 8, 9, 11], "excluded_lines": [], "start_line": 1, "executed_branches": [], "missing_branches": []}}}, "src/lib/ai/bias-detection/python-service/bias_detection/services/bias_detection_service.py": {"executed_lines": [5, 6, 7, 8, 10, 11, 13, 14, 23], "summary": {"covered_lines": 9, "num_statements": 226, "percent_covered": 3.061224489795918, "percent_covered_display": "3", "missing_lines": 217, "excluded_lines": 0, "percent_statements_covered": 3.982300884955752, "percent_statements_covered_display": "4", "num_branches": 68, "num_partial_branches": 0, "covered_branches": 0, "missing_branches": 68, "percent_branches_covered": 0.0, "percent_branches_covered_display": "0"}, "missing_lines": [24, 25, 27, 30, 33, 34, 35, 36, 38, 40, 41, 44, 45, 46, 51, 52, 53, 58, 59, 60, 61, 63, 64, 65, 67, 68, 71, 73, 75, 76, 79, 82, 84, 85, 87, 88, 90, 94, 96, 97, 105, 108, 109, 110, 111, 114, 119, 122, 124, 126, 134, 136, 137, 140, 142, 148, 151, 154, 157, 160, 165, 166, 167, 172, 175, 194, 197, 199, 201, 203, 204, 205, 207, 211, 214, 216, 218, 219, 222, 223, 231, 233, 235, 237, 239, 241, 242, 244, 246, 247, 250, 251, 253, 254, 255, 257, 259, 261, 262, 264, 268, 270, 272, 273, 276, 277, 279, 281, 285, 287, 288, 291, 292, 307, 308, 322, 323, 337, 339, 341, 353, 357, 359, 360, 361, 363, 365, 372, 373, 375, 376, 379, 380, 383, 384, 385, 386, 387, 388, 389, 391, 393, 394, 402, 404, 409, 410, 412, 413, 414, 416, 418, 419, 420, 422, 423, 424, 425, 426, 428, 430, 437, 439, 440, 442, 443, 446, 448, 456, 460, 466, 468, 469, 471, 472, 473, 474, 478, 480, 482, 484, 488, 489, 491, 492, 493, 495, 497, 501, 502, 504, 506, 507, 508, 509, 511, 513, 515, 519, 521, 523, 533, 534, 535, 543, 545, 547, 549, 550, 551, 555, 560, 561, 563, 565, 567, 569], "excluded_lines": [], "executed_branches": [], "missing_branches": [[45, 46], [45, 51], [52, 53], [52, 58], [59, 60], [59, 63], [109, 110], [109, 114], [216, 218], [216, 233], [218, 219], [218, 222], [222, 216], [222, 223], [246, 247], [246, 250], [253, 254], [253, 257], [270, 272], [270, 276], [276, 277], [276, 279], [291, 292], [291, 307], [307, 308], [307, 322], [322, 323], [322, 337], [359, 360], [359, 363], [360, 359], [360, 361], [375, 376], [375, 379], [383, 384], [383, 393], [384, 385], [384, 389], [385, 386], [385, 387], [387, 383], [387, 388], [389, 383], [389, 391], [393, 394], [393, 402], [418, 419], [418, 422], [423, 424], [423, 425], [425, 426], [425, 428], [442, 443], [442, 446], [466, 468], [466, 478], [471, 472], [471, 478], [488, 489], [488, 491], [491, 492], [491, 495], [501, -497], [501, 502], [533, 534], [533, 535], [535, 543], [535, 545]], "functions": {"BiasDetectionService.__init__": {"executed_lines": [], "summary": {"covered_lines": 0, "num_statements": 3, "percent_covered": 0.0, "percent_covered_display": "0", "missing_lines": 3, "excluded_lines": 0, "percent_statements_covered": 0.0, "percent_statements_covered_display": "0", "num_branches": 0, "num_partial_branches": 0, "covered_branches": 0, "missing_branches": 0, "percent_branches_covered": 100.0, "percent_branches_covered_display": "100"}, "missing_lines": [34, 35, 36], "excluded_lines": [], "start_line": 33, "executed_branches": [], "missing_branches": []}, "BiasDetectionService.initialize": {"executed_lines": [], "summary": {"covered_lines": 0, "num_statements": 18, "percent_covered": 0.0, "percent_covered_display": "0", "missing_lines": 18, "excluded_lines": 0, "percent_statements_covered": 0.0, "percent_statements_covered_display": "0", "num_branches": 6, "num_partial_branches": 0, "covered_branches": 0, "missing_branches": 6, "percent_branches_covered": 0.0, "percent_branches_covered_display": "0"}, "missing_lines": [40, 41, 44, 45, 46, 51, 52, 53, 58, 59, 60, 61, 63, 64, 65, 67, 68, 71], "excluded_lines": [], "start_line": 38, "executed_branches": [], "missing_branches": [[45, 46], [45, 51], [52, 53], [52, 58], [59, 60], [59, 63]]}, "BiasDetectionService.shutdown": {"executed_lines": [], "summary": {"covered_lines": 0, "num_statements": 8, "percent_covered": 0.0, "percent_covered_display": "0", "missing_lines": 8, "excluded_lines": 0, "percent_statements_covered": 0.0, "percent_statements_covered_display": "0", "num_branches": 0, "num_partial_branches": 0, "covered_branches": 0, "missing_branches": 0, "percent_branches_covered": 100.0, "percent_branches_covered_display": "100"}, "missing_lines": [75, 76, 79, 82, 84, 85, 87, 88], "excluded_lines": [], "start_line": 73, "executed_branches": [], "missing_branches": []}, "BiasDetectionService.analyze_bias": {"executed_lines": [], "summary": {"covered_lines": 0, "num_statements": 17, "percent_covered": 0.0, "percent_covered_display": "0", "missing_lines": 17, "excluded_lines": 0, "percent_statements_covered": 0.0, "percent_statements_covered_display": "0", "num_branches": 2, "num_partial_branches": 0, "covered_branches": 0, "missing_branches": 2, "percent_branches_covered": 0.0, "percent_branches_covered_display": "0"}, "missing_lines": [94, 96, 97, 105, 108, 109, 110, 111, 114, 119, 122, 124, 126, 134, 136, 137, 140], "excluded_lines": [], "start_line": 90, "executed_branches": [], "missing_branches": [[109, 110], [109, 114]]}, "BiasDetectionService._perform_analysis": {"executed_lines": [], "summary": {"covered_lines": 0, "num_statements": 10, "percent_covered": 0.0, "percent_covered_display": "0", "missing_lines": 10, "excluded_lines": 0, "percent_statements_covered": 0.0, "percent_statements_covered_display": "0", "num_branches": 0, "num_partial_branches": 0, "covered_branches": 0, "missing_branches": 0, "percent_branches_covered": 100.0, "percent_branches_covered_display": "100"}, "missing_lines": [148, 151, 154, 157, 160, 165, 166, 167, 172, 175], "excluded_lines": [], "start_line": 142, "executed_branches": [], "missing_branches": []}, "BiasDetectionService._get_model_predictions": {"executed_lines": [], "summary": {"covered_lines": 0, "num_statements": 5, "percent_covered": 0.0, "percent_covered_display": "0", "missing_lines": 5, "excluded_lines": 0, "percent_statements_covered": 0.0, "percent_statements_covered_display": "0", "num_branches": 0, "num_partial_branches": 0, "covered_branches": 0, "missing_branches": 0, "percent_branches_covered": 100.0, "percent_branches_covered_display": "100"}, "missing_lines": [199, 201, 203, 204, 205], "excluded_lines": [], "start_line": 197, "executed_branches": [], "missing_branches": []}, "BiasDetectionService._process_model_results": {"executed_lines": [], "summary": {"covered_lines": 0, "num_statements": 9, "percent_covered": 0.0, "percent_covered_display": "0", "missing_lines": 9, "excluded_lines": 0, "percent_statements_covered": 0.0, "percent_statements_covered_display": "0", "num_branches": 6, "num_partial_branches": 0, "covered_branches": 0, "missing_branches": 6, "percent_branches_covered": 0.0, "percent_branches_covered_display": "0"}, "missing_lines": [211, 214, 216, 218, 219, 222, 223, 231, 233], "excluded_lines": [], "start_line": 207, "executed_branches": [], "missing_branches": [[216, 218], [216, 233], [218, 219], [218, 222], [222, 216], [222, 223]]}, "BiasDetectionService._should_include_bias": {"executed_lines": [], "summary": {"covered_lines": 0, "num_statements": 4, "percent_covered": 0.0, "percent_covered_display": "0", "missing_lines": 4, "excluded_lines": 0, "percent_statements_covered": 0.0, "percent_statements_covered_display": "0", "num_branches": 0, "num_partial_branches": 0, "covered_branches": 0, "missing_branches": 0, "percent_branches_covered": 100.0, "percent_branches_covered_display": "100"}, "missing_lines": [237, 239, 241, 242], "excluded_lines": [], "start_line": 235, "executed_branches": [], "missing_branches": []}, "BiasDetectionService._calculate_overall_score": {"executed_lines": [], "summary": {"covered_lines": 0, "num_statements": 8, "percent_covered": 0.0, "percent_covered_display": "0", "missing_lines": 8, "excluded_lines": 0, "percent_statements_covered": 0.0, "percent_statements_covered_display": "0", "num_branches": 4, "num_partial_branches": 0, "covered_branches": 0, "missing_branches": 4, "percent_branches_covered": 0.0, "percent_branches_covered_display": "0"}, "missing_lines": [246, 247, 250, 251, 253, 254, 255, 257], "excluded_lines": [], "start_line": 244, "executed_branches": [], "missing_branches": [[246, 247], [246, 250], [253, 254], [253, 257]]}, "BiasDetectionService._get_dominant_bias_types": {"executed_lines": [], "summary": {"covered_lines": 0, "num_statements": 2, "percent_covered": 0.0, "percent_covered_display": "0", "missing_lines": 2, "excluded_lines": 0, "percent_statements_covered": 0.0, "percent_statements_covered_display": "0", "num_branches": 0, "num_partial_branches": 0, "covered_branches": 0, "missing_branches": 0, "percent_branches_covered": 100.0, "percent_branches_covered_display": "100"}, "missing_lines": [261, 262], "excluded_lines": [], "start_line": 259, "executed_branches": [], "missing_branches": []}, "BiasDetectionService._generate_recommendations": {"executed_lines": [], "summary": {"covered_lines": 0, "num_statements": 7, "percent_covered": 0.0, "percent_covered_display": "0", "missing_lines": 7, "excluded_lines": 0, "percent_statements_covered": 0.0, "percent_statements_covered_display": "0", "num_branches": 4, "num_partial_branches": 0, "covered_branches": 0, "missing_branches": 4, "percent_branches_covered": 0.0, "percent_branches_covered_display": "0"}, "missing_lines": [268, 270, 272, 273, 276, 277, 279], "excluded_lines": [], "start_line": 264, "executed_branches": [], "missing_branches": [[270, 272], [270, 276], [276, 277], [276, 279]]}, "BiasDetectionService._get_bias_specific_recommendations": {"executed_lines": [], "summary": {"covered_lines": 0, "num_statements": 10, "percent_covered": 0.0, "percent_covered_display": "0", "missing_lines": 10, "excluded_lines": 0, "percent_statements_covered": 0.0, "percent_statements_covered_display": "0", "num_branches": 6, "num_partial_branches": 0, "covered_branches": 0, "missing_branches": 6, "percent_branches_covered": 0.0, "percent_branches_covered_display": "0"}, "missing_lines": [285, 287, 288, 291, 292, 307, 308, 322, 323, 337], "excluded_lines": [], "start_line": 281, "executed_branches": [], "missing_branches": [[291, 292], [291, 307], [307, 308], [307, 322], [322, 323], [322, 337]]}, "BiasDetectionService._get_general_recommendation": {"executed_lines": [], "summary": {"covered_lines": 0, "num_statements": 1, "percent_covered": 0.0, "percent_covered_display": "0", "missing_lines": 1, "excluded_lines": 0, "percent_statements_covered": 0.0, "percent_statements_covered_display": "0", "num_branches": 0, "num_partial_branches": 0, "covered_branches": 0, "missing_branches": 0, "percent_branches_covered": 100.0, "percent_branches_covered_display": "100"}, "missing_lines": [341], "excluded_lines": [], "start_line": 339, "executed_branches": [], "missing_branches": []}, "BiasDetectionService._generate_counterfactuals": {"executed_lines": [], "summary": {"covered_lines": 0, "num_statements": 5, "percent_covered": 0.0, "percent_covered_display": "0", "missing_lines": 5, "excluded_lines": 0, "percent_statements_covered": 0.0, "percent_statements_covered_display": "0", "num_branches": 4, "num_partial_branches": 0, "covered_branches": 0, "missing_branches": 4, "percent_branches_covered": 0.0, "percent_branches_covered_display": "0"}, "missing_lines": [357, 359, 360, 361, 363], "excluded_lines": [], "start_line": 353, "executed_branches": [], "missing_branches": [[359, 360], [359, 363], [360, 359], [360, 361]]}, "BiasDetectionService._create_counterfactual": {"executed_lines": [], "summary": {"covered_lines": 0, "num_statements": 17, "percent_covered": 0.0, "percent_covered_display": "0", "missing_lines": 17, "excluded_lines": 0, "percent_statements_covered": 0.0, "percent_statements_covered_display": "0", "num_branches": 14, "num_partial_branches": 0, "covered_branches": 0, "missing_branches": 14, "percent_branches_covered": 0.0, "percent_branches_covered_display": "0"}, "missing_lines": [372, 373, 375, 376, 379, 380, 383, 384, 385, 386, 387, 388, 389, 391, 393, 394, 402], "excluded_lines": [], "start_line": 365, "executed_branches": [], "missing_branches": [[375, 376], [375, 379], [383, 384], [383, 393], [384, 385], [384, 389], [385, 386], [385, 387], [387, 383], [387, 388], [389, 383], [389, 391], [393, 394], [393, 402]]}, "BiasDetectionService._perform_sentiment_analysis": {"executed_lines": [], "summary": {"covered_lines": 0, "num_statements": 16, "percent_covered": 0.0, "percent_covered_display": "0", "missing_lines": 16, "excluded_lines": 0, "percent_statements_covered": 0.0, "percent_statements_covered_display": "0", "num_branches": 6, "num_partial_branches": 0, "covered_branches": 0, "missing_branches": 6, "percent_branches_covered": 0.0, "percent_branches_covered_display": "0"}, "missing_lines": [409, 410, 412, 413, 414, 416, 418, 419, 420, 422, 423, 424, 425, 426, 428, 430], "excluded_lines": [], "start_line": 404, "executed_branches": [], "missing_branches": [[418, 419], [418, 422], [423, 424], [423, 425], [425, 426], [425, 428]]}, "BiasDetectionService._perform_keyword_analysis": {"executed_lines": [], "summary": {"covered_lines": 0, "num_statements": 6, "percent_covered": 0.0, "percent_covered_display": "0", "missing_lines": 6, "excluded_lines": 0, "percent_statements_covered": 0.0, "percent_statements_covered_display": "0", "num_branches": 2, "num_partial_branches": 0, "covered_branches": 0, "missing_branches": 2, "percent_branches_covered": 0.0, "percent_branches_covered_display": "0"}, "missing_lines": [439, 440, 442, 443, 446, 448], "excluded_lines": [], "start_line": 437, "executed_branches": [], "missing_branches": [[442, 443], [442, 446]]}, "BiasDetectionService._perform_contextual_analysis": {"executed_lines": [], "summary": {"covered_lines": 0, "num_statements": 9, "percent_covered": 0.0, "percent_covered_display": "0", "missing_lines": 9, "excluded_lines": 0, "percent_statements_covered": 0.0, "percent_statements_covered_display": "0", "num_branches": 4, "num_partial_branches": 0, "covered_branches": 0, "missing_branches": 4, "percent_branches_covered": 0.0, "percent_branches_covered_display": "0"}, "missing_lines": [460, 466, 468, 469, 471, 472, 473, 474, 478], "excluded_lines": [], "start_line": 456, "executed_branches": [], "missing_branches": [[466, 468], [466, 478], [471, 472], [471, 478]]}, "BiasDetectionService._generate_content_hash": {"executed_lines": [], "summary": {"covered_lines": 0, "num_statements": 1, "percent_covered": 0.0, "percent_covered_display": "0", "missing_lines": 1, "excluded_lines": 0, "percent_statements_covered": 0.0, "percent_statements_covered_display": "0", "num_branches": 0, "num_partial_branches": 0, "covered_branches": 0, "missing_branches": 0, "percent_branches_covered": 100.0, "percent_branches_covered_display": "100"}, "missing_lines": [482], "excluded_lines": [], "start_line": 480, "executed_branches": [], "missing_branches": []}, "BiasDetectionService._get_cached_analysis": {"executed_lines": [], "summary": {"covered_lines": 0, "num_statements": 6, "percent_covered": 0.0, "percent_covered_display": "0", "missing_lines": 6, "excluded_lines": 0, "percent_statements_covered": 0.0, "percent_statements_covered_display": "0", "num_branches": 4, "num_partial_branches": 0, "covered_branches": 0, "missing_branches": 4, "percent_branches_covered": 0.0, "percent_branches_covered_display": "0"}, "missing_lines": [488, 489, 491, 492, 493, 495], "excluded_lines": [], "start_line": 484, "executed_branches": [], "missing_branches": [[488, 489], [488, 491], [491, 492], [491, 495]]}, "BiasDetectionService._cache_analysis_result": {"executed_lines": [], "summary": {"covered_lines": 0, "num_statements": 2, "percent_covered": 0.0, "percent_covered_display": "0", "missing_lines": 2, "excluded_lines": 0, "percent_statements_covered": 0.0, "percent_statements_covered_display": "0", "num_branches": 2, "num_partial_branches": 0, "covered_branches": 0, "missing_branches": 2, "percent_branches_covered": 0.0, "percent_branches_covered_display": "0"}, "missing_lines": [501, 502], "excluded_lines": [], "start_line": 497, "executed_branches": [], "missing_branches": [[501, -497], [501, 502]]}, "BiasDetectionService._store_analysis_result": {"executed_lines": [], "summary": {"covered_lines": 0, "num_statements": 4, "percent_covered": 0.0, "percent_covered_display": "0", "missing_lines": 4, "excluded_lines": 0, "percent_statements_covered": 0.0, "percent_statements_covered_display": "0", "num_branches": 0, "num_partial_branches": 0, "covered_branches": 0, "missing_branches": 0, "percent_branches_covered": 100.0, "percent_branches_covered_display": "100"}, "missing_lines": [506, 507, 508, 509], "excluded_lines": [], "start_line": 504, "executed_branches": [], "missing_branches": []}, "BiasDetectionService._get_model_version": {"executed_lines": [], "summary": {"covered_lines": 0, "num_statements": 1, "percent_covered": 0.0, "percent_covered_display": "0", "missing_lines": 1, "excluded_lines": 0, "percent_statements_covered": 0.0, "percent_statements_covered_display": "0", "num_branches": 0, "num_partial_branches": 0, "covered_branches": 0, "missing_branches": 0, "percent_branches_covered": 100.0, "percent_branches_covered_display": "100"}, "missing_lines": [513], "excluded_lines": [], "start_line": 511, "executed_branches": [], "missing_branches": []}, "BiasDetectionService._detect_language": {"executed_lines": [], "summary": {"covered_lines": 0, "num_statements": 1, "percent_covered": 0.0, "percent_covered_display": "0", "missing_lines": 1, "excluded_lines": 0, "percent_statements_covered": 0.0, "percent_statements_covered_display": "0", "num_branches": 0, "num_partial_branches": 0, "covered_branches": 0, "missing_branches": 0, "percent_branches_covered": 100.0, "percent_branches_covered_display": "100"}, "missing_lines": [519], "excluded_lines": [], "start_line": 515, "executed_branches": [], "missing_branches": []}, "BiasDetectionService.get_health_status": {"executed_lines": [], "summary": {"covered_lines": 0, "num_statements": 6, "percent_covered": 0.0, "percent_covered_display": "0", "missing_lines": 6, "excluded_lines": 0, "percent_statements_covered": 0.0, "percent_statements_covered_display": "0", "num_branches": 4, "num_partial_branches": 0, "covered_branches": 0, "missing_branches": 4, "percent_branches_covered": 0.0, "percent_branches_covered_display": "0"}, "missing_lines": [523, 533, 534, 535, 543, 545], "excluded_lines": [], "start_line": 521, "executed_branches": [], "missing_branches": [[533, 534], [533, 535], [535, 543], [535, 545]]}, "BiasDetectionService._get_model_service_health": {"executed_lines": [], "summary": {"covered_lines": 0, "num_statements": 6, "percent_covered": 0.0, "percent_covered_display": "0", "missing_lines": 6, "excluded_lines": 0, "percent_statements_covered": 0.0, "percent_statements_covered_display": "0", "num_branches": 0, "num_partial_branches": 0, "covered_branches": 0, "missing_branches": 0, "percent_branches_covered": 100.0, "percent_branches_covered_display": "100"}, "missing_lines": [549, 550, 551, 555, 560, 561], "excluded_lines": [], "start_line": 547, "executed_branches": [], "missing_branches": []}, "BiasDetectionService._get_cache_service_health": {"executed_lines": [], "summary": {"covered_lines": 0, "num_statements": 1, "percent_covered": 0.0, "percent_covered_display": "0", "missing_lines": 1, "excluded_lines": 0, "percent_statements_covered": 0.0, "percent_statements_covered_display": "0", "num_branches": 0, "num_partial_branches": 0, "covered_branches": 0, "missing_branches": 0, "percent_branches_covered": 100.0, "percent_branches_covered_display": "100"}, "missing_lines": [565], "excluded_lines": [], "start_line": 563, "executed_branches": [], "missing_branches": []}, "BiasDetectionService._get_database_service_health": {"executed_lines": [], "summary": {"covered_lines": 0, "num_statements": 1, "percent_covered": 0.0, "percent_covered_display": "0", "missing_lines": 1, "excluded_lines": 0, "percent_statements_covered": 0.0, "percent_statements_covered_display": "0", "num_branches": 0, "num_partial_branches": 0, "covered_branches": 0, "missing_branches": 0, "percent_branches_covered": 100.0, "percent_branches_covered_display": "100"}, "missing_lines": [569], "excluded_lines": [], "start_line": 567, "executed_branches": [], "missing_branches": []}, "": {"executed_lines": [5, 6, 7, 8, 10, 11, 13, 14, 23], "summary": {"covered_lines": 9, "num_statements": 42, "percent_covered": 21.428571428571427, "percent_covered_display": "21", "missing_lines": 33, "excluded_lines": 0, "percent_statements_covered": 21.428571428571427, "percent_statements_covered_display": "21", "num_branches": 0, "num_partial_branches": 0, "covered_branches": 0, "missing_branches": 0, "percent_branches_covered": 100.0, "percent_branches_covered_display": "100"}, "missing_lines": [24, 25, 27, 30, 33, 38, 73, 90, 142, 194, 197, 207, 235, 244, 259, 264, 281, 339, 353, 365, 404, 437, 456, 480, 484, 497, 504, 511, 515, 521, 547, 563, 567], "excluded_lines": [], "start_line": 1, "executed_branches": [], "missing_branches": []}}, "classes": {"BiasDetectionService": {"executed_lines": [], "summary": {"covered_lines": 0, "num_statements": 184, "percent_covered": 0.0, "percent_covered_display": "0", "missing_lines": 184, "excluded_lines": 0, "percent_statements_covered": 0.0, "percent_statements_covered_display": "0", "num_branches": 68, "num_partial_branches": 0, "covered_branches": 0, "missing_branches": 68, "percent_branches_covered": 0.0, "percent_branches_covered_display": "0"}, "missing_lines": [34, 35, 36, 40, 41, 44, 45, 46, 51, 52, 53, 58, 59, 60, 61, 63, 64, 65, 67, 68, 71, 75, 76, 79, 82, 84, 85, 87, 88, 94, 96, 97, 105, 108, 109, 110, 111, 114, 119, 122, 124, 126, 134, 136, 137, 140, 148, 151, 154, 157, 160, 165, 166, 167, 172, 175, 199, 201, 203, 204, 205, 211, 214, 216, 218, 219, 222, 223, 231, 233, 237, 239, 241, 242, 246, 247, 250, 251, 253, 254, 255, 257, 261, 262, 268, 270, 272, 273, 276, 277, 279, 285, 287, 288, 291, 292, 307, 308, 322, 323, 337, 341, 357, 359, 360, 361, 363, 372, 373, 375, 376, 379, 380, 383, 384, 385, 386, 387, 388, 389, 391, 393, 394, 402, 409, 410, 412, 413, 414, 416, 418, 419, 420, 422, 423, 424, 425, 426, 428, 430, 439, 440, 442, 443, 446, 448, 460, 466, 468, 469, 471, 472, 473, 474, 478, 482, 488, 489, 491, 492, 493, 495, 501, 502, 506, 507, 508, 509, 513, 519, 523, 533, 534, 535, 543, 545, 549, 550, 551, 555, 560, 561, 565, 569], "excluded_lines": [], "start_line": 30, "executed_branches": [], "missing_branches": [[45, 46], [45, 51], [52, 53], [52, 58], [59, 60], [59, 63], [109, 110], [109, 114], [216, 218], [216, 233], [218, 219], [218, 222], [222, 216], [222, 223], [246, 247], [246, 250], [253, 254], [253, 257], [270, 272], [270, 276], [276, 277], [276, 279], [291, 292], [291, 307], [307, 308], [307, 322], [322, 323], [322, 337], [359, 360], [359, 363], [360, 359], [360, 361], [375, 376], [375, 379], [383, 384], [383, 393], [384, 385], [384, 389], [385, 386], [385, 387], [387, 383], [387, 388], [389, 383], [389, 391], [393, 394], [393, 402], [418, 419], [418, 422], [423, 424], [423, 425], [425, 426], [425, 428], [442, 443], [442, 446], [466, 468], [466, 478], [471, 472], [471, 478], [488, 489], [488, 491], [491, 492], [491, 495], [501, -497], [501, 502], [533, 534], [533, 535], [535, 543], [535, 545]]}, "": {"executed_lines": [5, 6, 7, 8, 10, 11, 13, 14, 23], "summary": {"covered_lines": 9, "num_statements": 42, "percent_covered": 21.428571428571427, "percent_covered_display": "21", "missing_lines": 33, "excluded_lines": 0, "percent_statements_covered": 21.428571428571427, "percent_statements_covered_display": "21", "num_branches": 0, "num_partial_branches": 0, "covered_branches": 0, "missing_branches": 0, "percent_branches_covered": 100.0, "percent_branches_covered_display": "100"}, "missing_lines": [24, 25, 27, 30, 33, 38, 73, 90, 142, 194, 197, 207, 235, 244, 259, 264, 281, 339, 353, 365, 404, 437, 456, 480, 484, 497, 504, 511, 515, 521, 547, 563, 567], "excluded_lines": [], "start_line": 1, "executed_branches": [], "missing_branches": []}}}, "src/lib/ai/bias-detection/python-service/bias_detection/services/cache_service.py": {"executed_lines": [5, 6, 7, 9, 10, 11], "summary": {"covered_lines": 6, "num_statements": 169, "percent_covered": 3.0150753768844223, "percent_covered_display": "3", "missing_lines": 163, "excluded_lines": 0, "percent_statements_covered": 3.5502958579881656, "percent_statements_covered_display": "4", "num_branches": 30, "num_partial_branches": 0, "covered_branches": 0, "missing_branches": 30, "percent_branches_covered": 0.0, "percent_branches_covered_display": "0"}, "missing_lines": [17, 19, 22, 25, 26, 27, 28, 29, 31, 33, 34, 36, 50, 51, 53, 54, 56, 57, 62, 63, 65, 67, 68, 69, 70, 71, 72, 73, 75, 77, 79, 84, 86, 87, 88, 90, 91, 92, 93, 95, 97, 98, 99, 101, 105, 110, 112, 114, 115, 118, 119, 121, 123, 125, 126, 127, 129, 131, 132, 134, 135, 136, 138, 139, 140, 142, 144, 145, 147, 148, 150, 151, 152, 154, 158, 159, 161, 163, 165, 166, 168, 176, 177, 179, 181, 185, 186, 188, 192, 193, 195, 197, 199, 200, 202, 206, 207, 209, 210, 211, 214, 215, 217, 219, 220, 221, 223, 225, 226, 228, 229, 230, 231, 233, 234, 235, 237, 241, 242, 244, 246, 248, 249, 251, 255, 256, 258, 260, 262, 263, 265, 267, 268, 270, 272, 273, 275, 276, 279, 281, 282, 285, 286, 287, 288, 290, 292, 293, 299, 301, 302, 304, 305, 307, 308, 314, 320, 321, 325, 328, 330, 333, 335], "excluded_lines": [], "executed_branches": [], "missing_branches": [[67, -65], [67, 68], [79, 84], [79, 86], [88, 90], [88, 95], [105, 110], [105, 112], [114, 115], [114, 118], [118, 119], [118, 121], [131, 132], [131, 134], [144, 145], [144, 147], [206, 207], [206, 209], [214, 215], [214, 217], [225, 226], [225, 228], [267, 268], [267, 270], [281, 275], [281, 282], [292, 293], [292, 299], [307, 308], [307, 314]], "functions": {"CacheService.__init__": {"executed_lines": [], "summary": {"covered_lines": 0, "num_statements": 4, "percent_covered": 0.0, "percent_covered_display": "0", "missing_lines": 4, "excluded_lines": 0, "percent_statements_covered": 0.0, "percent_statements_covered_display": "0", "num_branches": 0, "num_partial_branches": 0, "covered_branches": 0, "missing_branches": 0, "percent_branches_covered": 100.0, "percent_branches_covered_display": "100"}, "missing_lines": [26, 27, 28, 29], "excluded_lines": [], "start_line": 25, "executed_branches": [], "missing_branches": []}, "CacheService.connect": {"executed_lines": [], "summary": {"covered_lines": 0, "num_statements": 11, "percent_covered": 0.0, "percent_covered_display": "0", "missing_lines": 11, "excluded_lines": 0, "percent_statements_covered": 0.0, "percent_statements_covered_display": "0", "num_branches": 0, "num_partial_branches": 0, "covered_branches": 0, "missing_branches": 0, "percent_branches_covered": 100.0, "percent_branches_covered_display": "100"}, "missing_lines": [33, 34, 36, 50, 51, 53, 54, 56, 57, 62, 63], "excluded_lines": [], "start_line": 31, "executed_branches": [], "missing_branches": []}, "CacheService.disconnect": {"executed_lines": [], "summary": {"covered_lines": 0, "num_statements": 8, "percent_covered": 0.0, "percent_covered_display": "0", "missing_lines": 8, "excluded_lines": 0, "percent_statements_covered": 0.0, "percent_statements_covered_display": "0", "num_branches": 2, "num_partial_branches": 0, "covered_branches": 0, "missing_branches": 2, "percent_branches_covered": 0.0, "percent_branches_covered_display": "0"}, "missing_lines": [67, 68, 69, 70, 71, 72, 73, 75], "excluded_lines": [], "start_line": 65, "executed_branches": [], "missing_branches": [[67, -65], [67, 68]]}, "CacheService.get": {"executed_lines": [], "summary": {"covered_lines": 0, "num_statements": 13, "percent_covered": 0.0, "percent_covered_display": "0", "missing_lines": 13, "excluded_lines": 0, "percent_statements_covered": 0.0, "percent_statements_covered_display": "0", "num_branches": 4, "num_partial_branches": 0, "covered_branches": 0, "missing_branches": 4, "percent_branches_covered": 0.0, "percent_branches_covered_display": "0"}, "missing_lines": [79, 84, 86, 87, 88, 90, 91, 92, 93, 95, 97, 98, 99], "excluded_lines": [], "start_line": 77, "executed_branches": [], "missing_branches": [[79, 84], [79, 86], [88, 90], [88, 95]]}, "CacheService.set": {"executed_lines": [], "summary": {"covered_lines": 0, "num_statements": 12, "percent_covered": 0.0, "percent_covered_display": "0", "missing_lines": 12, "excluded_lines": 0, "percent_statements_covered": 0.0, "percent_statements_covered_display": "0", "num_branches": 6, "num_partial_branches": 0, "covered_branches": 0, "missing_branches": 6, "percent_branches_covered": 0.0, "percent_branches_covered_display": "0"}, "missing_lines": [105, 110, 112, 114, 115, 118, 119, 121, 123, 125, 126, 127], "excluded_lines": [], "start_line": 101, "executed_branches": [], "missing_branches": [[105, 110], [105, 112], [114, 115], [114, 118], [118, 119], [118, 121]]}, "CacheService.delete": {"executed_lines": [], "summary": {"covered_lines": 0, "num_statements": 8, "percent_covered": 0.0, "percent_covered_display": "0", "missing_lines": 8, "excluded_lines": 0, "percent_statements_covered": 0.0, "percent_statements_covered_display": "0", "num_branches": 2, "num_partial_branches": 0, "covered_branches": 0, "missing_branches": 2, "percent_branches_covered": 0.0, "percent_branches_covered_display": "0"}, "missing_lines": [131, 132, 134, 135, 136, 138, 139, 140], "excluded_lines": [], "start_line": 129, "executed_branches": [], "missing_branches": [[131, 132], [131, 134]]}, "CacheService.exists": {"executed_lines": [], "summary": {"covered_lines": 0, "num_statements": 7, "percent_covered": 0.0, "percent_covered_display": "0", "missing_lines": 7, "excluded_lines": 0, "percent_statements_covered": 0.0, "percent_statements_covered_display": "0", "num_branches": 2, "num_partial_branches": 0, "covered_branches": 0, "missing_branches": 2, "percent_branches_covered": 0.0, "percent_branches_covered_display": "0"}, "missing_lines": [144, 145, 147, 148, 150, 151, 152], "excluded_lines": [], "start_line": 142, "executed_branches": [], "missing_branches": [[144, 145], [144, 147]]}, "CacheService.cache_analysis_result": {"executed_lines": [], "summary": {"covered_lines": 0, "num_statements": 3, "percent_covered": 0.0, "percent_covered_display": "0", "missing_lines": 3, "excluded_lines": 0, "percent_statements_covered": 0.0, "percent_statements_covered_display": "0", "num_branches": 0, "num_partial_branches": 0, "covered_branches": 0, "missing_branches": 0, "percent_branches_covered": 100.0, "percent_branches_covered_display": "100"}, "missing_lines": [158, 159, 161], "excluded_lines": [], "start_line": 154, "executed_branches": [], "missing_branches": []}, "CacheService.get_analysis_result": {"executed_lines": [], "summary": {"covered_lines": 0, "num_statements": 2, "percent_covered": 0.0, "percent_covered_display": "0", "missing_lines": 2, "excluded_lines": 0, "percent_statements_covered": 0.0, "percent_statements_covered_display": "0", "num_branches": 0, "num_partial_branches": 0, "covered_branches": 0, "missing_branches": 0, "percent_branches_covered": 100.0, "percent_branches_covered_display": "100"}, "missing_lines": [165, 166], "excluded_lines": [], "start_line": 163, "executed_branches": [], "missing_branches": []}, "CacheService.cache_model_prediction": {"executed_lines": [], "summary": {"covered_lines": 0, "num_statements": 3, "percent_covered": 0.0, "percent_covered_display": "0", "missing_lines": 3, "excluded_lines": 0, "percent_statements_covered": 0.0, "percent_statements_covered_display": "0", "num_branches": 0, "num_partial_branches": 0, "covered_branches": 0, "missing_branches": 0, "percent_branches_covered": 100.0, "percent_branches_covered_display": "100"}, "missing_lines": [176, 177, 179], "excluded_lines": [], "start_line": 168, "executed_branches": [], "missing_branches": []}, "CacheService.get_model_prediction": {"executed_lines": [], "summary": {"covered_lines": 0, "num_statements": 2, "percent_covered": 0.0, "percent_covered_display": "0", "missing_lines": 2, "excluded_lines": 0, "percent_statements_covered": 0.0, "percent_statements_covered_display": "0", "num_branches": 0, "num_partial_branches": 0, "covered_branches": 0, "missing_branches": 0, "percent_branches_covered": 100.0, "percent_branches_covered_display": "100"}, "missing_lines": [185, 186], "excluded_lines": [], "start_line": 181, "executed_branches": [], "missing_branches": []}, "CacheService.cache_user_session": {"executed_lines": [], "summary": {"covered_lines": 0, "num_statements": 3, "percent_covered": 0.0, "percent_covered_display": "0", "missing_lines": 3, "excluded_lines": 0, "percent_statements_covered": 0.0, "percent_statements_covered_display": "0", "num_branches": 0, "num_partial_branches": 0, "covered_branches": 0, "missing_branches": 0, "percent_branches_covered": 100.0, "percent_branches_covered_display": "100"}, "missing_lines": [192, 193, 195], "excluded_lines": [], "start_line": 188, "executed_branches": [], "missing_branches": []}, "CacheService.get_user_session": {"executed_lines": [], "summary": {"covered_lines": 0, "num_statements": 2, "percent_covered": 0.0, "percent_covered_display": "0", "missing_lines": 2, "excluded_lines": 0, "percent_statements_covered": 0.0, "percent_statements_covered_display": "0", "num_branches": 0, "num_partial_branches": 0, "covered_branches": 0, "missing_branches": 0, "percent_branches_covered": 100.0, "percent_branches_covered_display": "100"}, "missing_lines": [199, 200], "excluded_lines": [], "start_line": 197, "executed_branches": [], "missing_branches": []}, "CacheService.increment_rate_limit_counter": {"executed_lines": [], "summary": {"covered_lines": 0, "num_statements": 11, "percent_covered": 0.0, "percent_covered_display": "0", "missing_lines": 11, "excluded_lines": 0, "percent_statements_covered": 0.0, "percent_statements_covered_display": "0", "num_branches": 4, "num_partial_branches": 0, "covered_branches": 0, "missing_branches": 4, "percent_branches_covered": 0.0, "percent_branches_covered_display": "0"}, "missing_lines": [206, 207, 209, 210, 211, 214, 215, 217, 219, 220, 221], "excluded_lines": [], "start_line": 202, "executed_branches": [], "missing_branches": [[206, 207], [206, 209], [214, 215], [214, 217]]}, "CacheService.get_rate_limit_counter": {"executed_lines": [], "summary": {"covered_lines": 0, "num_statements": 9, "percent_covered": 0.0, "percent_covered_display": "0", "missing_lines": 9, "excluded_lines": 0, "percent_statements_covered": 0.0, "percent_statements_covered_display": "0", "num_branches": 2, "num_partial_branches": 0, "covered_branches": 0, "missing_branches": 2, "percent_branches_covered": 0.0, "percent_branches_covered_display": "0"}, "missing_lines": [225, 226, 228, 229, 230, 231, 233, 234, 235], "excluded_lines": [], "start_line": 223, "executed_branches": [], "missing_branches": [[225, 226], [225, 228]]}, "CacheService.cache_dashboard_metrics": {"executed_lines": [], "summary": {"covered_lines": 0, "num_statements": 3, "percent_covered": 0.0, "percent_covered_display": "0", "missing_lines": 3, "excluded_lines": 0, "percent_statements_covered": 0.0, "percent_statements_covered_display": "0", "num_branches": 0, "num_partial_branches": 0, "covered_branches": 0, "missing_branches": 0, "percent_branches_covered": 100.0, "percent_branches_covered_display": "100"}, "missing_lines": [241, 242, 244], "excluded_lines": [], "start_line": 237, "executed_branches": [], "missing_branches": []}, "CacheService.get_dashboard_metrics": {"executed_lines": [], "summary": {"covered_lines": 0, "num_statements": 2, "percent_covered": 0.0, "percent_covered_display": "0", "missing_lines": 2, "excluded_lines": 0, "percent_statements_covered": 0.0, "percent_statements_covered_display": "0", "num_branches": 0, "num_partial_branches": 0, "covered_branches": 0, "missing_branches": 0, "percent_branches_covered": 100.0, "percent_branches_covered_display": "100"}, "missing_lines": [248, 249], "excluded_lines": [], "start_line": 246, "executed_branches": [], "missing_branches": []}, "CacheService.cache_model_info": {"executed_lines": [], "summary": {"covered_lines": 0, "num_statements": 3, "percent_covered": 0.0, "percent_covered_display": "0", "missing_lines": 3, "excluded_lines": 0, "percent_statements_covered": 0.0, "percent_statements_covered_display": "0", "num_branches": 0, "num_partial_branches": 0, "covered_branches": 0, "missing_branches": 0, "percent_branches_covered": 100.0, "percent_branches_covered_display": "100"}, "missing_lines": [255, 256, 258], "excluded_lines": [], "start_line": 251, "executed_branches": [], "missing_branches": []}, "CacheService.get_model_info": {"executed_lines": [], "summary": {"covered_lines": 0, "num_statements": 2, "percent_covered": 0.0, "percent_covered_display": "0", "missing_lines": 2, "excluded_lines": 0, "percent_statements_covered": 0.0, "percent_statements_covered_display": "0", "num_branches": 0, "num_partial_branches": 0, "covered_branches": 0, "missing_branches": 0, "percent_branches_covered": 100.0, "percent_branches_covered_display": "100"}, "missing_lines": [262, 263], "excluded_lines": [], "start_line": 260, "executed_branches": [], "missing_branches": []}, "CacheService.clear_pattern": {"executed_lines": [], "summary": {"covered_lines": 0, "num_statements": 14, "percent_covered": 0.0, "percent_covered_display": "0", "missing_lines": 14, "excluded_lines": 0, "percent_statements_covered": 0.0, "percent_statements_covered_display": "0", "num_branches": 4, "num_partial_branches": 0, "covered_branches": 0, "missing_branches": 4, "percent_branches_covered": 0.0, "percent_branches_covered_display": "0"}, "missing_lines": [267, 268, 270, 272, 273, 275, 276, 279, 281, 282, 285, 286, 287, 288], "excluded_lines": [], "start_line": 265, "executed_branches": [], "missing_branches": [[267, 268], [267, 270], [281, 275], [281, 282]]}, "CacheService.get_health_status": {"executed_lines": [], "summary": {"covered_lines": 0, "num_statements": 12, "percent_covered": 0.0, "percent_covered_display": "0", "missing_lines": 12, "excluded_lines": 0, "percent_statements_covered": 0.0, "percent_statements_covered_display": "0", "num_branches": 4, "num_partial_branches": 0, "covered_branches": 0, "missing_branches": 4, "percent_branches_covered": 0.0, "percent_branches_covered_display": "0"}, "missing_lines": [292, 293, 299, 301, 302, 304, 305, 307, 308, 314, 320, 321], "excluded_lines": [], "start_line": 290, "executed_branches": [], "missing_branches": [[292, 293], [292, 299], [307, 308], [307, 314]]}, "initialize_cache": {"executed_lines": [], "summary": {"covered_lines": 0, "num_statements": 1, "percent_covered": 0.0, "percent_covered_display": "0", "missing_lines": 1, "excluded_lines": 0, "percent_statements_covered": 0.0, "percent_statements_covered_display": "0", "num_branches": 0, "num_partial_branches": 0, "covered_branches": 0, "missing_branches": 0, "percent_branches_covered": 100.0, "percent_branches_covered_display": "100"}, "missing_lines": [330], "excluded_lines": [], "start_line": 328, "executed_branches": [], "missing_branches": []}, "shutdown_cache": {"executed_lines": [], "summary": {"covered_lines": 0, "num_statements": 1, "percent_covered": 0.0, "percent_covered_display": "0", "missing_lines": 1, "excluded_lines": 0, "percent_statements_covered": 0.0, "percent_statements_covered_display": "0", "num_branches": 0, "num_partial_branches": 0, "covered_branches": 0, "missing_branches": 0, "percent_branches_covered": 100.0, "percent_branches_covered_display": "100"}, "missing_lines": [335], "excluded_lines": [], "start_line": 333, "executed_branches": [], "missing_branches": []}, "": {"executed_lines": [5, 6, 7, 9, 10, 11], "summary": {"covered_lines": 6, "num_statements": 33, "percent_covered": 18.181818181818183, "percent_covered_display": "18", "missing_lines": 27, "excluded_lines": 0, "percent_statements_covered": 18.181818181818183, "percent_statements_covered_display": "18", "num_branches": 0, "num_partial_branches": 0, "covered_branches": 0, "missing_branches": 0, "percent_branches_covered": 100.0, "percent_branches_covered_display": "100"}, "missing_lines": [17, 19, 22, 25, 31, 65, 77, 101, 129, 142, 154, 163, 168, 181, 188, 197, 202, 223, 237, 246, 251, 260, 265, 290, 325, 328, 333], "excluded_lines": [], "start_line": 1, "executed_branches": [], "missing_branches": []}}, "classes": {"CacheService": {"executed_lines": [], "summary": {"covered_lines": 0, "num_statements": 134, "percent_covered": 0.0, "percent_covered_display": "0", "missing_lines": 134, "excluded_lines": 0, "percent_statements_covered": 0.0, "percent_statements_covered_display": "0", "num_branches": 30, "num_partial_branches": 0, "covered_branches": 0, "missing_branches": 30, "percent_branches_covered": 0.0, "percent_branches_covered_display": "0"}, "missing_lines": [26, 27, 28, 29, 33, 34, 36, 50, 51, 53, 54, 56, 57, 62, 63, 67, 68, 69, 70, 71, 72, 73, 75, 79, 84, 86, 87, 88, 90, 91, 92, 93, 95, 97, 98, 99, 105, 110, 112, 114, 115, 118, 119, 121, 123, 125, 126, 127, 131, 132, 134, 135, 136, 138, 139, 140, 144, 145, 147, 148, 150, 151, 152, 158, 159, 161, 165, 166, 176, 177, 179, 185, 186, 192, 193, 195, 199, 200, 206, 207, 209, 210, 211, 214, 215, 217, 219, 220, 221, 225, 226, 228, 229, 230, 231, 233, 234, 235, 241, 242, 244, 248, 249, 255, 256, 258, 262, 263, 267, 268, 270, 272, 273, 275, 276, 279, 281, 282, 285, 286, 287, 288, 292, 293, 299, 301, 302, 304, 305, 307, 308, 314, 320, 321], "excluded_lines": [], "start_line": 22, "executed_branches": [], "missing_branches": [[67, -65], [67, 68], [79, 84], [79, 86], [88, 90], [88, 95], [105, 110], [105, 112], [114, 115], [114, 118], [118, 119], [118, 121], [131, 132], [131, 134], [144, 145], [144, 147], [206, 207], [206, 209], [214, 215], [214, 217], [225, 226], [225, 228], [267, 268], [267, 270], [281, 275], [281, 282], [292, 293], [292, 299], [307, 308], [307, 314]]}, "": {"executed_lines": [5, 6, 7, 9, 10, 11], "summary": {"covered_lines": 6, "num_statements": 35, "percent_covered": 17.142857142857142, "percent_covered_display": "17", "missing_lines": 29, "excluded_lines": 0, "percent_statements_covered": 17.142857142857142, "percent_statements_covered_display": "17", "num_branches": 0, "num_partial_branches": 0, "covered_branches": 0, "missing_branches": 0, "percent_branches_covered": 100.0, "percent_branches_covered_display": "100"}, "missing_lines": [17, 19, 22, 25, 31, 65, 77, 101, 129, 142, 154, 163, 168, 181, 188, 197, 202, 223, 237, 246, 251, 260, 265, 290, 325, 328, 330, 333, 335], "excluded_lines": [], "start_line": 1, "executed_branches": [], "missing_branches": []}}}, "src/lib/ai/bias-detection/python-service/bias_detection_service.py": {"executed_lines": [19, 20, 21, 22, 23, 24, 25, 26, 27, 28, 29, 30, 31, 32, 33, 34, 38, 39, 50, 51, 54, 55, 58, 59, 60, 62, 65, 68, 69, 74, 75, 76, 77, 78, 79, 80, 81, 82, 86, 87, 88, 89, 92, 93, 97, 98, 99, 100, 103, 104, 106, 112, 115, 120, 121, 124, 126, 127, 132, 133, 135, 138, 141, 144, 147, 150, 153, 160, 163, 166, 167, 168, 170, 174, 175, 177, 181, 182, 184, 189, 192, 195, 206, 214, 215, 217, 225, 226, 228, 230, 236, 244, 247, 248, 260, 261, 262, 263, 266, 267, 270, 271, 276, 277, 279, 282, 283, 284, 286, 287, 289, 299, 304, 305, 308, 309, 312, 313, 314, 315, 316, 317, 318, 319, 320, 322, 323, 324, 332, 333, 336, 337, 338, 339, 340, 341, 342, 343, 344, 346, 351, 354, 355, 356, 358, 360, 363, 364, 370, 372, 376, 380, 382, 384, 394, 397, 398, 399, 401, 411, 412, 416, 417, 422, 432, 438, 439, 441, 444, 447, 448, 449, 450, 451, 452, 453, 454, 455, 457, 459, 460, 462, 463, 465, 466, 467, 470, 471, 472, 473, 481, 489, 491, 495, 612, 680, 748, 814, 883, 939, 941, 942, 946, 947, 954, 955, 956, 961, 963, 966, 970, 972, 984, 986, 987, 988, 1024, 1066, 1093, 1119, 1145, 1147, 1148, 1149, 1162, 1164, 1165, 1166, 1167, 1168, 1171, 1172, 1173, 1174, 1175, 1196, 1223, 1235, 1249, 1302, 1313, 1315, 1317, 1319, 1323, 1326, 1337, 1340, 1341, 1343, 1344, 1346, 1361, 1377, 1405, 1413, 1436, 1444, 1456, 1467, 1475, 1481, 1487, 1493, 1501, 1524, 1537, 1574, 1584, 1585, 1589, 1614, 1615, 1634, 1635, 1636, 1695, 1696, 1698, 1726, 1727, 1728, 1748, 1749, 1750, 1800, 1801, 1802, 1842, 1856, 1862, 1867, 1868, 1869, 1914, 1915, 1916, 1953, 1958, 1965, 1989, 1990, 1991, 2009, 2021, 2041, 2042, 2043, 2069, 2070, 2074, 2075], "summary": {"covered_lines": 312, "num_statements": 918, "percent_covered": 29.908256880733944, "percent_covered_display": "30", "missing_lines": 606, "excluded_lin
[...]
 "percent_statements_covered_display": "0", "num_branches": 6, "num_partial_branches": 0, "covered_branches": 0, "missing_branches": 6, "percent_branches_covered": 0.0, "percent_branches_covered_display": "0"}, "missing_lines": [1871, 1872, 1874, 1875, 1876, 1877, 1879, 1880, 1881, 1884, 1885, 1887, 1889, 1890, 1893, 1894, 1896, 1906, 1907, 1908], "excluded_lines": [], "start_line": 1869, "executed_branches": [], "missing_branches": [[1871, 1872], [1871, 1874], [1879, 1880], [1879, 1884], [1884, 1885], [1884, 1887]]}, "validate_dataset_quality_endpoint": {"executed_lines": [], "summary": {"covered_lines": 0, "num_statements": 15, "percent_covered": 0.0, "percent_covered_display": "0", "missing_lines": 15, "excluded_lines": 0, "percent_statements_covered": 0.0, "percent_statements_covered_display": "0", "num_branches": 6, "num_partial_branches": 0, "covered_branches": 0, "missing_branches": 6, "percent_branches_covered": 0.0, "percent_branches_covered_display": "0"}, "missing_lines": [1918, 1919, 1921, 1923, 1924, 1926, 1927, 1928, 1930, 1931, 1934, 1936, 1945, 1946, 1947], "excluded_lines": [], "start_line": 1916, "executed_branches": [], "missing_branches": [[1918, 1919], [1918, 1921], [1923, 1924], [1923, 1926], [1927, 1928], [1927, 1930]]}, "_check_celery_available": {"executed_lines": [], "summary": {"covered_lines": 0, "num_statements": 1, "percent_covered": 0.0, "percent_covered_display": "0", "missing_lines": 1, "excluded_lines": 0, "percent_statements_covered": 0.0, "percent_statements_covered_display": "0", "num_branches": 0, "num_partial_branches": 0, "covered_branches": 0, "missing_branches": 0, "percent_branches_covered": 100.0, "percent_branches_covered_display": "100"}, "missing_lines": [1955], "excluded_lines": [], "start_line": 1953, "executed_branches": [], "missing_branches": []}, "_get_task_result": {"executed_lines": [], "summary": {"covered_lines": 0, "num_statements": 3, "percent_covered": 0.0, "percent_covered_display": "0", "missing_lines": 3, "excluded_lines": 0, "percent_statements_covered": 0.0, "percent_statements_covered_display": "0", "num_branches": 2, "num_partial_branches": 0, "covered_branches": 0, "missing_branches": 2, "percent_branches_covered": 0.0, "percent_branches_covered_display": "0"}, "missing_lines": [1960, 1961, 1962], "excluded_lines": [], "start_line": 1958, "executed_branches": [], "missing_branches": [[1960, 1961], [1960, 1962]]}, "_build_task_response": {"executed_lines": [], "summary": {"covered_lines": 0, "num_statements": 8, "percent_covered": 0.0, "percent_covered_display": "0", "missing_lines": 8, "excluded_lines": 0, "percent_statements_covered": 0.0, "percent_statements_covered_display": "0", "num_branches": 4, "num_partial_branches": 0, "covered_branches": 0, "missing_branches": 4, "percent_branches_covered": 0.0, "percent_branches_covered_display": "0"}, "missing_lines": [1967, 1968, 1970, 1975, 1982, 1983, 1984, 1986], "excluded_lines": [], "start_line": 1965, "executed_branches": [], "missing_branches": [[1967, 1968], [1967, 1970], [1983, 1984], [1983, 1986]]}, "get_task_status": {"executed_lines": [], "summary": {"covered_lines": 0, "num_statements": 9, "percent_covered": 0.0, "percent_covered_display": "0", "missing_lines": 9, "excluded_lines": 0, "percent_statements_covered": 0.0, "percent_statements_covered_display": "0", "num_branches": 2, "num_partial_branches": 0, "covered_branches": 0, "missing_branches": 2, "percent_branches_covered": 0.0, "percent_branches_covered_display": "0"}, "missing_lines": [1993, 1994, 1996, 1997, 1998, 1999, 2001, 2002, 2003], "excluded_lines": [], "start_line": 1991, "executed_branches": [], "missing_branches": [[1993, 1994], [1993, 1996]]}, "_get_worker_task_counts": {"executed_lines": [], "summary": {"covered_lines": 0, "num_statements": 6, "percent_covered": 0.0, "percent_covered_display": "0", "missing_lines": 6, "excluded_lines": 0, "percent_statements_covered": 0.0, "percent_statements_covered_display": "0", "num_branches": 2, "num_partial_branches": 0, "covered_branches": 0, "missing_branches": 2, "percent_branches_covered": 0.0, "percent_branches_covered_display": "0"}, "missing_lines": [2011, 2012, 2014, 2015, 2016, 2018], "excluded_lines": [], "start_line": 2009, "executed_branches": [], "missing_branches": [[2011, 2012], [2011, 2014]]}, "_build_worker_status": {"executed_lines": [], "summary": {"covered_lines": 0, "num_statements": 5, "percent_covered": 0.0, "percent_covered_display": "0", "missing_lines": 5, "excluded_lines": 0, "percent_statements_covered": 0.0, "percent_statements_covered_display": "0", "num_branches": 2, "num_partial_branches": 0, "covered_branches": 0, "missing_branches": 2, "percent_branches_covered": 0.0, "percent_branches_covered_display": "0"}, "missing_lines": [2025, 2026, 2030, 2031, 2038], "excluded_lines": [], "start_line": 2021, "executed_branches": [], "missing_branches": [[2030, 2031], [2030, 2038]]}, "get_workers_status": {"executed_lines": [], "summary": {"covered_lines": 0, "num_statements": 10, "percent_covered": 0.0, "percent_covered_display": "0", "missing_lines": 10, "excluded_lines": 0, "percent_statements_covered": 0.0, "percent_statements_covered_display": "0", "num_branches": 2, "num_partial_branches": 0, "covered_branches": 0, "missing_branches": 2, "percent_branches_covered": 0.0, "percent_branches_covered_display": "0"}, "missing_lines": [2045, 2046, 2048, 2049, 2050, 2051, 2053, 2061, 2062, 2063], "excluded_lines": [], "start_line": 2043, "executed_branches": [], "missing_branches": [[2045, 2046], [2045, 2048]]}, "not_found": {"executed_lines": [], "summary": {"covered_lines": 0, "num_statements": 1, "percent_covered": 0.0, "percent_covered_display": "0", "missing_lines": 1, "excluded_lines": 0, "percent_statements_covered": 0.0, "percent_statements_covered_display": "0", "num_branches": 0, "num_partial_branches": 0, "covered_branches": 0, "missing_branches": 0, "percent_branches_covered": 100.0, "percent_branches_covered_display": "100"}, "missing_lines": [2071], "excluded_lines": [], "start_line": 2070, "executed_branches": [], "missing_branches": []}, "internal_error": {"executed_lines": [], "summary": {"covered_lines": 0, "num_statements": 1, "percent_covered": 0.0, "percent_covered_display": "0", "missing_lines": 1, "excluded_lines": 0, "percent_statements_covered": 0.0, "percent_statements_covered_display": "0", "num_branches": 0, "num_partial_branches": 0, "covered_branches": 0, "missing_branches": 0, "percent_branches_covered": 100.0, "percent_branches_covered_display": "100"}, "missing_lines": [2076], "excluded_lines": [], "start_line": 2075, "executed_branches": [], "missing_branches": []}, "": {"executed_lines": [19, 20, 21, 22, 23, 24, 25, 26, 27, 28, 29, 30, 31, 32, 33, 34, 38, 39, 50, 51, 54, 55, 58, 59, 60, 62, 65, 68, 69, 74, 75, 76, 77, 78, 79, 80, 81, 82, 86, 87, 88, 89, 92, 93, 97, 98, 99, 100, 103, 104, 106, 112, 115, 120, 121, 124, 126, 127, 132, 133, 135, 138, 141, 144, 147, 150, 153, 160, 163, 166, 167, 168, 170, 174, 175, 177, 181, 182, 184, 189, 192, 195, 206, 214, 215, 217, 225, 226, 228, 230, 236, 244, 247, 248, 260, 261, 262, 263, 266, 267, 270, 271, 276, 277, 279, 282, 283, 284, 286, 287, 289, 299, 304, 305, 308, 309, 312, 313, 314, 315, 316, 317, 318, 319, 320, 322, 332, 333, 336, 337, 338, 339, 340, 341, 342, 343, 344, 346, 351, 354, 358, 372, 376, 380, 384, 394, 397, 401, 444, 447, 457, 495, 612, 680, 748, 814, 883, 939, 984, 1024, 1066, 1093, 1119, 1145, 1162, 1196, 1223, 1235, 1249, 1302, 1313, 1361, 1377, 1405, 1413, 1436, 1444, 1456, 1467, 1475, 1481, 1487, 1493, 1501, 1524, 1537, 1574, 1584, 1585, 1589, 1614, 1615, 1634, 1635, 1636, 1695, 1696, 1698, 1726, 1727, 1728, 1748, 1749, 1750, 1800, 1801, 1802, 1842, 1856, 1862, 1867, 1868, 1869, 1914, 1915, 1916, 1953, 1958, 1965, 1989, 1990, 1991, 2009, 2021, 2041, 2042, 2043, 2069, 2070, 2074, 2075], "summary": {"covered_lines": 231, "num_statements": 276, "percent_covered": 81.59722222222223, "percent_covered_display": "82", "missing_lines": 45, "excluded_lines": 2, "percent_statements_covered": 83.69565217391305, "percent_statements_covered_display": "84", "num_branches": 12, "num_partial_branches": 4, "covered_branches": 4, "missing_branches": 8, "percent_branches_covered": 33.333333333333336, "percent_branches_covered_display": "33"}, "missing_lines": [47, 49, 56, 66, 70, 94, 96, 107, 108, 109, 116, 117, 123, 136, 139, 142, 145, 148, 151, 154, 161, 171, 172, 178, 179, 185, 186, 221, 222, 231, 232, 233, 249, 256, 258, 259, 273, 291, 292, 293, 294, 295, 296, 300, 1590], "excluded_lines": [2079, 2081], "start_line": 1, "executed_branches": [[68, 69], [270, 271], [289, 299], [299, 304]], "missing_branches": [[68, 70], [270, 273], [289, 291], [291, 292], [291, 294], [294, 295], [294, 299], [299, 300]]}}, "classes": {"BiasDetectionConfig": {"executed_lines": [323, 324], "summary": {"covered_lines": 2, "num_statements": 2, "percent_covered": 75.0, "percent_covered_display": "75", "missing_lines": 0, "excluded_lines": 0, "percent_statements_covered": 100.0, "percent_statements_covered_display": "100", "num_branches": 2, "num_partial_branches": 1, "covered_branches": 1, "missing_branches": 1, "percent_branches_covered": 50.0, "percent_branches_covered_display": "50"}, "missing_lines": [], "excluded_lines": [], "start_line": 309, "executed_branches": [[323, 324]], "missing_branches": [[323, -322]]}, "SessionData": {"executed_lines": [], "summary": {"covered_lines": 0, "num_statements": 2, "percent_covered": 0.0, "percent_covered_display": "0", "missing_lines": 2, "excluded_lines": 0, "percent_statements_covered": 0.0, "percent_statements_covered_display": "0", "num_branches": 2, "num_partial_branches": 0, "covered_branches": 0, "missing_branches": 2, "percent_branches_covered": 0.0, "percent_branches_covered_display": "0"}, "missing_lines": [347, 348], "excluded_lines": [], "start_line": 333, "executed_branches": [], "missing_branches": [[347, -346], [347, 348]]}, "SecurityManager": {"executed_lines": [355, 356, 360, 363, 364, 370, 382], "summary": {"covered_lines": 7, "num_statements": 15, "percent_covered": 46.666666666666664, "percent_covered_display": "47", "missing_lines": 8, "excluded_lines": 0, "percent_statements_covered": 46.666666666666664, "percent_statements_covered_display": "47", "num_branches": 0, "num_partial_branches": 0, "covered_branches": 0, "missing_branches": 0, "percent_branches_covered": 100.0, "percent_branches_covered_display": "100"}, "missing_lines": [374, 378, 386, 387, 388, 389, 390, 391], "excluded_lines": [], "start_line": 351, "executed_branches": [], "missing_branches": []}, "AuditLogger": {"executed_lines": [398, 399, 411, 412, 416, 417, 422, 432, 438, 439, 441], "summary": {"covered_lines": 11, "num_statements": 17, "percent_covered": 61.904761904761905, "percent_covered_display": "62", "missing_lines": 6, "excluded_lines": 0, "percent_statements_covered": 64.70588235294117, "percent_statements_covered_display": "65", "num_branches": 4, "num_partial_branches": 2, "covered_branches": 2, "missing_branches": 2, "percent_branches_covered": 50.0, "percent_branches_covered_display": "50"}, "missing_lines": [413, 414, 418, 419, 420, 433], "excluded_lines": [], "start_line": 394, "executed_branches": [[412, 416], [432, 438]], "missing_branches": [[412, 413], [432, 433]]}, "BiasDetectionService": {"executed_lines": [448, 449, 450, 451, 452, 453, 454, 455, 459, 460, 462, 463, 465, 466, 467, 470, 471, 472, 473, 481, 489, 491, 941, 942, 946, 947, 954, 955, 956, 961, 963, 966, 970, 972, 986, 987, 988, 1147, 1148, 1149, 1164, 1165, 1166, 1167, 1168, 1171, 1172, 1173, 1174, 1175, 1315, 1317, 1319, 1323, 1326, 1337, 1340, 1341, 1343, 1344, 1346], "summary": {"covered_lines": 61, "num_statements": 421, "percent_covered": 13.359528487229863, "percent_covered_display": "13", "missing_lines": 360, "excluded_lines": 0, "percent_statements_covered": 14.489311163895486, "percent_statements_covered_display": "14", "num_branches": 88, "num_partial_branches": 7, "covered_branches": 7, "missing_branches": 81, "percent_branches_covered": 7.954545454545454, "percent_branches_covered_display": "8"}, "missing_lines": [464, 474, 475, 476, 482, 483, 484, 485, 486, 487, 492, 493, 497, 500, 502, 504, 512, 519, 521, 523, 531, 534, 537, 540, 542, 561, 574, 575, 581, 584, 585, 587, 590, 592, 594, 595, 603, 609, 610, 614, 615, 617, 618, 627, 628, 631, 632, 633, 634, 635, 638, 639, 640, 641, 644, 647, 648, 657, 658, 661, 663, 665, 666, 667, 670, 671, 682, 683, 685, 686, 695, 696, 697, 698, 701, 702, 703, 704, 707, 708, 709, 712, 715, 716, 725, 726, 729, 731, 733, 734, 735, 738, 739, 750, 751, 753, 754, 763, 764, 765, 768, 769, 770, 773, 774, 775, 778, 781, 782, 791, 792, 795, 797, 799, 800, 801, 804, 805, 816, 817, 819, 820, 829, 830, 831, 834, 835, 836, 837, 840, 841, 842, 845, 848, 849, 858, 859, 862, 864, 866, 867, 868, 871, 872, 885, 886, 887, 890, 891, 892, 897, 898, 902, 908, 909, 913, 919, 920, 922, 927, 935, 936, 937, 943, 948, 980, 981, 982, 990, 993, 994, 995, 996, 999, 1002, 1005, 1006, 1008, 1020, 1021, 1022, 1026, 1055, 1056, 1058, 1059, 1060, 1063, 1064, 1069, 1084, 1085, 1087, 1088, 1090, 1091, 1095, 1110, 1111, 1113, 1114, 1116, 1117, 1121, 1136, 1137, 1139, 1140, 1142, 1143, 1150, 1151, 1158, 1159, 1160, 1184, 1185, 1198, 1205, 1206, 1207, 1221, 1225, 1226, 1227, 1228, 1229, 1230, 1231, 1232, 1233, 1237, 1247, 1251, 1252, 1255, 1258, 1259, 1264, 1265, 1268, 1269, 1274, 1275, 1282, 1284, 1298, 1299, 1300, 1304, 1305, 1307, 1308, 1309, 1320, 1357, 1358, 1359, 1363, 1364, 1365, 1371, 1373, 1374, 1375, 1379, 1380, 1381, 1382, 1385, 1386, 1388, 1389, 1392, 1394, 1401, 1402, 1403, 1407, 1409, 1410, 1411, 1415, 1416, 1417, 1419, 1420, 1422, 1423, 1426, 1428, 1433, 1434, 1438, 1440, 1441, 1442, 1446, 1447, 1448, 1449, 1452, 1453, 1454, 1458, 1459, 1460, 1463, 1464, 1465, 1469, 1471, 1472, 1473, 1477, 1478, 1479, 1483, 1484, 1485, 1489, 1490, 1491, 1495, 1496, 1497, 1498, 1499, 1503, 1504, 1507, 1514, 1515, 1516, 1517, 1519, 1520, 1522, 1527, 1529, 1530, 1531, 1533, 1535, 1539, 1542, 1543, 1546, 1548, 1549, 1556, 1557, 1564, 1565, 1572, 1576, 1577, 1578, 1579, 1580], "excluded_lines": [], "start_line": 444, "executed_branches": [[460, 462], [481, 489], [942, 946], [947, 954], [987, 988], [1148, 1149], [1319, 1323]], "missing_branches": [[460, 491], [481, 482], [584, 585], [584, 587], [631, 632], [631, 638], [638, 639], [638, 644], [647, 648], [647, 657], [695, 696], [695, 701], [701, 702], [701, 707], [715, 716], [715, 725], [781, 782], [781, 791], [834, 835], [834, 840], [848, 849], [848, 858], [886, 887], [886, 890], [891, 892], [891, 897], [897, 898], [897, 902], [908, 909], [908, 913], [942, 943], [947, 948], [987, 990], [1059, 1060], [1059, 1063], [1087, 1088], [1087, 1090], [1113, 1114], [1113, 1116], [1139, 1140], [1139, 1142], [1148, 1150], [1206, 1207], [1206, 1221], [1304, 1305], [1304, 1307], [1319, 1320], [1364, 1365], [1364, 1371], [1381, 1382], [1381, 1385], [1419, 1420], [1419, 1422], [1448, 1449], [1448, 1452], [1459, 1460], [1459, 1463], [1477, 1478], [1477, 1479], [1483, 1484], [1483, 1485], [1489, 1490], [1489, 1491], [1514, 1515], [1514, 1522], [1529, 1530], [1529, 1535], [1530, 1531], [1530, 1533], [1542, 1543], [1542, 1546], [1548, 1549], [1548, 1556], [1556, 1557], [1556, 1564], [1564, 1565], [1564, 1572], [1576, 1577], [1576, 1578], [1578, 1579], [1578, 1580]]}, "": {"executed_lines": [19, 20, 21, 22, 23, 24, 25, 26, 27, 28, 29, 30, 31, 32, 33, 34, 38, 39, 50, 51, 54, 55, 58, 59, 60, 62, 65, 68, 69, 74, 75, 76, 77, 78, 79, 80, 81, 82, 86, 87, 88, 89, 92, 93, 97, 98, 99, 100, 103, 104, 106, 112, 115, 120, 121, 124, 126, 127, 132, 133, 135, 138, 141, 144, 147, 150, 153, 160, 163, 166, 167, 168, 170, 174, 175, 177, 181, 182, 184, 189, 192, 195, 206, 214, 215, 217, 225, 226, 228, 230, 236, 244, 247, 248, 260, 261, 262, 263, 266, 267, 270, 271, 276, 277, 279, 282, 283, 284, 286, 287, 289, 299, 304, 305, 308, 309, 312, 313, 314, 315, 316, 317, 318, 319, 320, 322, 332, 333, 336, 337, 338, 339, 340, 341, 342, 343, 344, 346, 351, 354, 358, 372, 376, 380, 384, 394, 397, 401, 444, 447, 457, 495, 612, 680, 748, 814, 883, 939, 984, 1024, 1066, 1093, 1119, 1145, 1162, 1196, 1223, 1235, 1249, 1302, 1313, 1361, 1377, 1405, 1413, 1436, 1444, 1456, 1467, 1475, 1481, 1487, 1493, 1501, 1524, 1537, 1574, 1584, 1585, 1589, 1614, 1615, 1634, 1635, 1636, 1695, 1696, 1698, 1726, 1727, 1728, 1748, 1749, 1750, 1800, 1801, 1802, 1842, 1856, 1862, 1867, 1868, 1869, 1914, 1915, 1916, 1953, 1958, 1965, 1989, 1990, 1991, 2009, 2021, 2041, 2042, 2043, 2069, 2070, 2074, 2075], "summary": {"covered_lines": 231, "num_statements": 461, "percent_covered": 43.76163873370577, "percent_covered_display": "44", "missing_lines": 230, "excluded_lines": 2, "percent_statements_covered": 50.108459869848154, "percent_statements_covered_display": "50", "num_branches": 76, "num_partial_branches": 4, "covered_branches": 4, "missing_branches": 72, "percent_branches_covered": 5.2631578947368425, "percent_branches_covered_display": "5"}, "missing_lines": [47, 49, 56, 66, 70, 94, 96, 107, 108, 109, 116, 117, 123, 136, 139, 142, 145, 148, 151, 154, 161, 171, 172, 178, 179, 185, 186, 208, 209, 210, 221, 222, 231, 232, 233, 249, 256, 258, 259, 273, 291, 292, 293, 294, 295, 296, 300, 1590, 1591, 1592, 1593, 1594, 1596, 1598, 1599, 1601, 1602, 1603, 1604, 1606, 1608, 1617, 1638, 1639, 1641, 1643, 1644, 1647, 1648, 1649, 1650, 1653, 1655, 1656, 1659, 1662, 1663, 1664, 1665, 1668, 1671, 1683, 1687, 1688, 1690, 1691, 1692, 1703, 1704, 1706, 1707, 1708, 1709, 1712, 1714, 1717, 1719, 1720, 1723, 1730, 1732, 1733, 1736, 1738, 1740, 1741, 1742, 1752, 1754, 1755, 1757, 1758, 1759, 1762, 1763, 1772, 1775, 1776, 1780, 1781, 1783, 1789, 1791, 1792, 1793, 1804, 1805, 1807, 1809, 1810, 1812, 1813, 1814, 1817, 1818, 1819, 1820, 1823, 1825, 1834, 1835, 1836, 1846, 1847, 1849, 1850, 1851, 1853, 1858, 1859, 1864, 1871, 1872, 1874, 1875, 1876, 1877, 1879, 1880, 1881, 1884, 1885, 1887, 1889, 1890, 1893, 1894, 1896, 1906, 1907, 1908, 1918, 1919, 1921, 1923, 1924, 1926, 1927, 1928, 1930, 1931, 1934, 1936, 1945, 1946, 1947, 1955, 1960, 1961, 1962, 1967, 1968, 1970, 1975, 1982, 1983, 1984, 1986, 1993, 1994, 1996, 1997, 1998, 1999, 2001, 2002, 2003, 2011, 2012, 2014, 2015, 2016, 2018, 2025, 2026, 2030, 2031, 2038, 2045, 2046, 2048, 2049, 2050, 2051, 2053, 2061, 2062, 2063, 2071, 2076], "excluded_lines": [2079, 2081], "start_line": 1, "executed_branches": [[68, 69], [270, 271], [289, 299], [299, 304]], "missing_branches": [[68, 70], [208, 209], [208, 210], [270, 273], [289, 291], [291, 292], [291, 294], [294, 295], [294, 299], [299, 300], [1593, 1594], [1593, 1596], [1598, 1599], [1598, 1601], [1643, 1644], [1643, 1647], [1655, 1656], [1655, 1662], [1663, 1664], [1663, 1671], [1664, 1663], [1664, 1665], [1708, 1709], [1708, 1712], [1732, 1733], [1732, 1736], [1754, 1755], [1754, 1757], [1772, 1775], [1772, 1789], [1804, 1805], [1804, 1807], [1809, 1810], [1809, 1812], [1813, 1814], [1813, 1817], [1818, 1819], [1818, 1823], [1819, 1818], [1819, 1820], [1846, 1847], [1846, 1849], [1850, 1851], [1850, 1853], [1858, -1856], [1858, 1859], [1871, 1872], [1871, 1874], [1879, 1880], [1879, 1884], [1884, 1885], [1884, 1887], [1918, 1919], [1918, 1921], [1923, 1924], [1923, 1926], [1927, 1928], [1927, 1930], [1960, 1961], [1960, 1962], [1967, 1968], [1967, 1970], [1983, 1984], [1983, 1986], [1993, 1994], [1993, 1996], [2011, 2012], [2011, 2014], [2030, 2031], [2030, 2038], [2045, 2046], [2045, 2048]]}}}}, "totals": {"covered_lines": 523, "num_statements": 1596, "percent_covered": 28.646934460887948, "percent_covered_display": "29", "missing_lines": 1073, "excluded_lines": 5, "percent_statements_covered": 32.769423558897245, "percent_statements_covered_display": "33", "num_branches": 296, "num_partial_branches": 19, "covered_branches": 19, "missing_branches": 277, "percent_branches_covered": 6.418918918918919, "percent_branches_covered_display": "6"}}